2024-11-01 10:41:41.301 INFO Starting - DownloadFiles.isValidSetup#97 
2024-11-01 10:41:41.301 INFO Starting - DownloadFiles.download#131 
2024-11-01 10:41:41.302 INFO Connecting to MOS Services - AruUtils.generateToken#113 
2024-11-01 10:41:41.315 INFO Using java to access [https://login-ext.identity.oraclecloud.com/oauth2/v1/token] - JavaHttpClient.request#78 
2024-11-01 10:41:41.316 INFO [null] [null] - JavaHttpClient.getProxy#219 
2024-11-01 10:41:41.316 INFO [Optional.empty] - JavaHttpClient.request_#129 
2024-11-01 10:41:42.095 WARNING Java http client failed with the following output [400] :
{"error":"invalid_grant","error_description":"You entered an incorrect user name or password.","ecid":"zd7c616Qg10000000"} - JavaHttpClient.request_#174 
2024-11-01 10:41:42.109 WARNING MOS connection failed - AruUtils.generateToken#119 
oracle.commons.utils.errors.ARU100: CommonException [Connection Failed - You entered an incorrect user name or password.]
	at oracle.commons.aru.BearerToken.newInstance(BearerToken.java:63)
	at oracle.commons.aru.AruUtils.generateToken(AruUtils.java:116)
	at oracle.commons.aru.AruUtils.canConnectToAru(AruUtils.java:170)
	at oracle.patch.jvalid.DownloadFiles.download(DownloadFiles.java:134)
	at oracle.patch.jvalid.DownloadFiles.isValidSetup(DownloadFiles.java:110)
	at oracle.patch.jvalid.DownloadFiles.isValidSetup(DownloadFiles.java:75)
	at oracle.commonx.config.links.JobRulesValidator.process(JobRulesValidator.java:94)
	at oracle.patch.config.links.DownloadAndLocate.process(DownloadAndLocate.java:49)
	at oracle.patch.config.links.DownloadAndLocate.process(DownloadAndLocate.java:39)
	at oracle.commonx.config.CLILink.nextLink(CLILink.java:61)
	at oracle.commonx.config.links.JobRulesValidator.process(JobRulesValidator.java:116)
	at oracle.commonx.config.CLILink.nextLink(CLILink.java:61)
	at oracle.commonx.config.links.LoadPassword.process(LoadPassword.java:77)
	at oracle.commonx.config.CLILink.nextLink(CLILink.java:61)
	at oracle.commonx.config.links.LoadKeyStore.process(LoadKeyStore.java:65)
	at oracle.commonx.config.CLILink.nextLink(CLILink.java:61)
	at oracle.commonx.config.links.SettingsMaker.process(SettingsMaker.java:117)
	at oracle.commonx.config.CLILink.nextLink(CLILink.java:61)
	at oracle.commonx.config.links.UserConfigCrafter.process(UserConfigCrafter.java:58)
	at oracle.commonx.config.CLILink.nextLink(CLILink.java:61)
	at oracle.patch.config.links.links.ConfigDBValidations.process(ConfigDBValidations.java:51)
	at oracle.patch.config.links.links.ConfigDBValidations.process(ConfigDBValidations.java:35)
	at oracle.commonx.config.CLILink.nextLink(CLILink.java:61)
	at oracle.patch.config.links.DeriveConfigValues.process(DeriveConfigValues.java:115)
	at oracle.patch.config.links.DeriveConfigValues.process(DeriveConfigValues.java:70)
	at oracle.commonx.config.CLILink.nextLink(CLILink.java:61)
	at oracle.patch.config.links.ProcessConfigQueries.process(ProcessConfigQueries.java:92)
	at oracle.patch.config.links.ProcessConfigQueries.process(ProcessConfigQueries.java:55)
	at oracle.commonx.config.CLILink.nextLink(CLILink.java:61)
	at oracle.patch.config.links.ExecuteConfigQueries.process(ExecuteConfigQueries.java:116)
	at oracle.patch.config.links.ExecuteConfigQueries.process(ExecuteConfigQueries.java:53)
	at oracle.commonx.config.CLILink.nextLink(CLILink.java:61)
	at oracle.commonx.config.links.LoadPassword.process(LoadPassword.java:77)
	at oracle.commonx.config.CLILink.nextLink(CLILink.java:61)
	at oracle.commonx.config.links.LoadKeyStore.process(LoadKeyStore.java:80)
	at oracle.commonx.config.CLILink.nextLink(CLILink.java:61)
	at oracle.patch.config.links.SetExecutionEnvs.process(SetExecutionEnvs.java:67)
	at oracle.patch.config.links.SetExecutionEnvs.process(SetExecutionEnvs.java:37)
	at oracle.commonx.config.CLILink.nextLink(CLILink.java:61)
	at oracle.patch.config.links.DeriveConfigValues.process(DeriveConfigValues.java:115)
	at oracle.patch.config.links.DeriveConfigValues.process(DeriveConfigValues.java:70)
	at oracle.commonx.config.CLILink.nextLink(CLILink.java:61)
	at oracle.commonx.config.links.GlobalParametersValidator.process(GlobalParametersValidator.java:60)
	at oracle.commonx.config.CLILink.nextLink(CLILink.java:61)
	at oracle.patch.config.links.ValidateConfigParameters.process(ValidateConfigParameters.java:107)
	at oracle.patch.config.links.ValidateConfigParameters.process(ValidateConfigParameters.java:54)
	at oracle.commonx.config.CLILink.nextLink(CLILink.java:61)
	at oracle.patch.config.links.ReadAutoPatchConfigFile.process(ReadAutoPatchConfigFile.java:69)
	at oracle.patch.config.links.ReadAutoPatchConfigFile.process(ReadAutoPatchConfigFile.java:41)
	at oracle.commonx.config.CLILink.nextLink(CLILink.java:61)
	at oracle.commonx.config.links.PrefixesCalculator.process(PrefixesCalculator.java:96)
	at oracle.commonx.config.CLILink.nextLink(CLILink.java:61)
	at oracle.commonx.config.links.UserConfigGlobalValidator.process(UserConfigGlobalValidator.java:99)
	at oracle.commonx.config.CLILink.nextLink(CLILink.java:61)
	at oracle.patch.config.links.PopulatePrefixesWithoutSource.process(PopulatePrefixesWithoutSource.java:106)
	at oracle.patch.config.links.PopulatePrefixesWithoutSource.process(PopulatePrefixesWithoutSource.java:43)
	at oracle.commonx.config.CLILink.nextLink(CLILink.java:61)
	at oracle.commonx.config.links.LoginFileCreator.process(LoginFileCreator.java:75)
	at oracle.commonx.config.CLILink.nextLink(CLILink.java:61)
	at oracle.commonx.config.links.InternalSettingsParser.process(InternalSettingsParser.java:138)
	at oracle.commonx.config.CLILink.nextLink(CLILink.java:61)
	at oracle.commonx.config.links.VersionMatcher.process(VersionMatcher.java:56)
	at oracle.commonx.config.CLILink.nextLink(CLILink.java:61)
	at oracle.commonx.config.links.ContextFinder.process(ContextFinder.java:210)
	at oracle.commonx.config.CLILink.nextLink(CLILink.java:61)
	at oracle.commonx.config.links.JavaVersionValidation.process(JavaVersionValidation.java:55)
	at oracle.commonx.config.CLILink.nextLink(CLILink.java:61)
	at oracle.commonx.config.links.LoggerMaker.process(LoggerMaker.java:105)
	at oracle.commonx.config.CLILink.nextLink(CLILink.java:61)
	at oracle.commonx.config.links.CommonLocker.process(CommonLocker.java:86)
	at oracle.commonx.config.CLILink.nextLink(CLILink.java:61)
	at oracle.commonx.config.links.ZipMaker.process(ZipMaker.java:61)
	at oracle.commonx.config.CLILink.nextLink(CLILink.java:61)
	at oracle.commonx.config.links.GlobalConstants.process(GlobalConstants.java:244)
	at oracle.commonx.config.CLILink.nextLink(CLILink.java:61)
	at oracle.commonx.config.links.PreCreateConfigValues.process(PreCreateConfigValues.java:87)
	at oracle.commonx.config.CLILink.nextLink(CLILink.java:61)
	at oracle.patch.config.links.links.NoConfigSupport.process(NoConfigSupport.java:74)
	at oracle.patch.config.links.links.NoConfigSupport.process(NoConfigSupport.java:54)
	at oracle.commonx.config.CLILink.nextLink(CLILink.java:61)
	at oracle.patch.config.links.PatchOptionsParser.process(PatchOptionsParser.java:64)
	at oracle.patch.config.links.PatchOptionsParser.process(PatchOptionsParser.java:54)
	at oracle.commonx.config.Bootstrap.processCLIParams(Bootstrap.java:78)
	at oracle.commons.boot.CommonMain.<init>(CommonMain.java:98)
	at oracle.patch.boot.AutoPatchMain.<init>(AutoPatchMain.java:93)
	at oracle.patch.boot.AutoPatchMain.newInstance(AutoPatchMain.java:129)
	at oracle.patch.boot.PatchBoot.lambda$main$0(PatchBoot.java:45)
	at oracle.commons.boot.CommonBoot.startUtility(CommonBoot.java:61)
	at oracle.patch.boot.PatchBoot.main(PatchBoot.java:45)
	at oracle.boot.JointBoot.main(JointBoot.java:58)

2024-11-01 10:41:42.111 WARNING Patch query failed
*Connection Failed - You entered an incorrect user name or password.* - DownloadFiles.isValidSetup#114 
oracle.commons.utils.errors.ARU103: CommonException [Failed to connect to ARU - CommonException [Connection Failed - You entered an incorrect user name or password.]]
	at oracle.commons.aru.AruUtils.generateToken(AruUtils.java:120)
	at oracle.commons.aru.AruUtils.canConnectToAru(AruUtils.java:170)
	at oracle.patch.jvalid.DownloadFiles.download(DownloadFiles.java:134)
	at oracle.patch.jvalid.DownloadFiles.isValidSetup(DownloadFiles.java:110)
	at oracle.patch.jvalid.DownloadFiles.isValidSetup(DownloadFiles.java:75)
	at oracle.commonx.config.links.JobRulesValidator.process(JobRulesValidator.java:94)
	at oracle.patch.config.links.DownloadAndLocate.process(DownloadAndLocate.java:49)
	at oracle.patch.config.links.DownloadAndLocate.process(DownloadAndLocate.java:39)
	at oracle.commonx.config.CLILink.nextLink(CLILink.java:61)
	at oracle.commonx.config.links.JobRulesValidator.process(JobRulesValidator.java:116)
	at oracle.commonx.config.CLILink.nextLink(CLILink.java:61)
	at oracle.commonx.config.links.LoadPassword.process(LoadPassword.java:77)
	at oracle.commonx.config.CLILink.nextLink(CLILink.java:61)
	at oracle.commonx.config.links.LoadKeyStore.process(LoadKeyStore.java:65)
	at oracle.commonx.config.CLILink.nextLink(CLILink.java:61)
	at oracle.commonx.config.links.SettingsMaker.process(SettingsMaker.java:117)
	at oracle.commonx.config.CLILink.nextLink(CLILink.java:61)
	at oracle.commonx.config.links.UserConfigCrafter.process(UserConfigCrafter.java:58)
	at oracle.commonx.config.CLILink.nextLink(CLILink.java:61)
	at oracle.patch.config.links.links.ConfigDBValidations.process(ConfigDBValidations.java:51)
	at oracle.patch.config.links.links.ConfigDBValidations.process(ConfigDBValidations.java:35)
	at oracle.commonx.config.CLILink.nextLink(CLILink.java:61)
	at oracle.patch.config.links.DeriveConfigValues.process(DeriveConfigValues.java:115)
	at oracle.patch.config.links.DeriveConfigValues.process(DeriveConfigValues.java:70)
	at oracle.commonx.config.CLILink.nextLink(CLILink.java:61)
	at oracle.patch.config.links.ProcessConfigQueries.process(ProcessConfigQueries.java:92)
	at oracle.patch.config.links.ProcessConfigQueries.process(ProcessConfigQueries.java:55)
	at oracle.commonx.config.CLILink.nextLink(CLILink.java:61)
	at oracle.patch.config.links.ExecuteConfigQueries.process(ExecuteConfigQueries.java:116)
	at oracle.patch.config.links.ExecuteConfigQueries.process(ExecuteConfigQueries.java:53)
	at oracle.commonx.config.CLILink.nextLink(CLILink.java:61)
	at oracle.commonx.config.links.LoadPassword.process(LoadPassword.java:77)
	at oracle.commonx.config.CLILink.nextLink(CLILink.java:61)
	at oracle.commonx.config.links.LoadKeyStore.process(LoadKeyStore.java:80)
	at oracle.commonx.config.CLILink.nextLink(CLILink.java:61)
	at oracle.patch.config.links.SetExecutionEnvs.process(SetExecutionEnvs.java:67)
	at oracle.patch.config.links.SetExecutionEnvs.process(SetExecutionEnvs.java:37)
	at oracle.commonx.config.CLILink.nextLink(CLILink.java:61)
	at oracle.patch.config.links.DeriveConfigValues.process(DeriveConfigValues.java:115)
	at oracle.patch.config.links.DeriveConfigValues.process(DeriveConfigValues.java:70)
	at oracle.commonx.config.CLILink.nextLink(CLILink.java:61)
	at oracle.commonx.config.links.GlobalParametersValidator.process(GlobalParametersValidator.java:60)
	at oracle.commonx.config.CLILink.nextLink(CLILink.java:61)
	at oracle.patch.config.links.ValidateConfigParameters.process(ValidateConfigParameters.java:107)
	at oracle.patch.config.links.ValidateConfigParameters.process(ValidateConfigParameters.java:54)
	at oracle.commonx.config.CLILink.nextLink(CLILink.java:61)
	at oracle.patch.config.links.ReadAutoPatchConfigFile.process(ReadAutoPatchConfigFile.java:69)
	at oracle.patch.config.links.ReadAutoPatchConfigFile.process(ReadAutoPatchConfigFile.java:41)
	at oracle.commonx.config.CLILink.nextLink(CLILink.java:61)
	at oracle.commonx.config.links.PrefixesCalculator.process(PrefixesCalculator.java:96)
	at oracle.commonx.config.CLILink.nextLink(CLILink.java:61)
	at oracle.commonx.config.links.UserConfigGlobalValidator.process(UserConfigGlobalValidator.java:99)
	at oracle.commonx.config.CLILink.nextLink(CLILink.java:61)
	at oracle.patch.config.links.PopulatePrefixesWithoutSource.process(PopulatePrefixesWithoutSource.java:106)
	at oracle.patch.config.links.PopulatePrefixesWithoutSource.process(PopulatePrefixesWithoutSource.java:43)
	at oracle.commonx.config.CLILink.nextLink(CLILink.java:61)
	at oracle.commonx.config.links.LoginFileCreator.process(LoginFileCreator.java:75)
	at oracle.commonx.config.CLILink.nextLink(CLILink.java:61)
	at oracle.commonx.config.links.InternalSettingsParser.process(InternalSettingsParser.java:138)
	at oracle.commonx.config.CLILink.nextLink(CLILink.java:61)
	at oracle.commonx.config.links.VersionMatcher.process(VersionMatcher.java:56)
	at oracle.commonx.config.CLILink.nextLink(CLILink.java:61)
	at oracle.commonx.config.links.ContextFinder.process(ContextFinder.java:210)
	at oracle.commonx.config.CLILink.nextLink(CLILink.java:61)
	at oracle.commonx.config.links.JavaVersionValidation.process(JavaVersionValidation.java:55)
	at oracle.commonx.config.CLILink.nextLink(CLILink.java:61)
	at oracle.commonx.config.links.LoggerMaker.process(LoggerMaker.java:105)
	at oracle.commonx.config.CLILink.nextLink(CLILink.java:61)
	at oracle.commonx.config.links.CommonLocker.process(CommonLocker.java:86)
	at oracle.commonx.config.CLILink.nextLink(CLILink.java:61)
	at oracle.commonx.config.links.ZipMaker.process(ZipMaker.java:61)
	at oracle.commonx.config.CLILink.nextLink(CLILink.java:61)
	at oracle.commonx.config.links.GlobalConstants.process(GlobalConstants.java:244)
	at oracle.commonx.config.CLILink.nextLink(CLILink.java:61)
	at oracle.commonx.config.links.PreCreateConfigValues.process(PreCreateConfigValues.java:87)
	at oracle.commonx.config.CLILink.nextLink(CLILink.java:61)
	at oracle.patch.config.links.links.NoConfigSupport.process(NoConfigSupport.java:74)
	at oracle.patch.config.links.links.NoConfigSupport.process(NoConfigSupport.java:54)
	at oracle.commonx.config.CLILink.nextLink(CLILink.java:61)
	at oracle.patch.config.links.PatchOptionsParser.process(PatchOptionsParser.java:64)
	at oracle.patch.config.links.PatchOptionsParser.process(PatchOptionsParser.java:54)
	at oracle.commonx.config.Bootstrap.processCLIParams(Bootstrap.java:78)
	at oracle.commons.boot.CommonMain.<init>(CommonMain.java:98)
	at oracle.patch.boot.AutoPatchMain.<init>(AutoPatchMain.java:93)
	at oracle.patch.boot.AutoPatchMain.newInstance(AutoPatchMain.java:129)
	at oracle.patch.boot.PatchBoot.lambda$main$0(PatchBoot.java:45)
	at oracle.commons.boot.CommonBoot.startUtility(CommonBoot.java:61)
	at oracle.patch.boot.PatchBoot.main(PatchBoot.java:45)
	at oracle.boot.JointBoot.main(JointBoot.java:58)
Caused by: oracle.commons.utils.errors.ARU100: CommonException [Connection Failed - You entered an incorrect user name or password.]
	at oracle.commons.aru.BearerToken.newInstance(BearerToken.java:63)
	at oracle.commons.aru.AruUtils.generateToken(AruUtils.java:116)
	... 88 more

2024-11-01 10:41:42.112 INFO Finished - DownloadFiles.isValidSetup#122 
2024-11-01 10:44:48.789 INFO Starting - DownloadFiles.isValidSetup#97 
2024-11-01 10:44:48.789 INFO Starting - DownloadFiles.download#131 
2024-11-01 10:44:48.789 INFO Connecting to MOS Services - AruUtils.generateToken#113 
2024-11-01 10:44:48.804 INFO Using java to access [https://login-ext.identity.oraclecloud.com/oauth2/v1/token] - JavaHttpClient.request#78 
2024-11-01 10:44:48.805 INFO [null] [null] - JavaHttpClient.getProxy#219 
2024-11-01 10:44:48.805 INFO [Optional.empty] - JavaHttpClient.request_#129 
2024-11-01 10:44:49.400 WARNING Java http client failed with the following output [400] :
{"error":"invalid_grant","error_description":"You entered an incorrect user name or password.","ecid":"ach9l0AcK20000000"} - JavaHttpClient.request_#174 
2024-11-01 10:44:49.413 WARNING MOS connection failed - AruUtils.generateToken#119 
oracle.commons.utils.errors.ARU100: CommonException [Connection Failed - You entered an incorrect user name or password.]
	at oracle.commons.aru.BearerToken.newInstance(BearerToken.java:63)
	at oracle.commons.aru.AruUtils.generateToken(AruUtils.java:116)
	at oracle.commons.aru.AruUtils.canConnectToAru(AruUtils.java:170)
	at oracle.patch.jvalid.DownloadFiles.download(DownloadFiles.java:134)
	at oracle.patch.jvalid.DownloadFiles.isValidSetup(DownloadFiles.java:110)
	at oracle.patch.jvalid.DownloadFiles.isValidSetup(DownloadFiles.java:75)
	at oracle.commonx.config.links.JobRulesValidator.process(JobRulesValidator.java:94)
	at oracle.patch.config.links.DownloadAndLocate.process(DownloadAndLocate.java:49)
	at oracle.patch.config.links.DownloadAndLocate.process(DownloadAndLocate.java:39)
	at oracle.commonx.config.CLILink.nextLink(CLILink.java:61)
	at oracle.commonx.config.links.JobRulesValidator.process(JobRulesValidator.java:116)
	at oracle.commonx.config.CLILink.nextLink(CLILink.java:61)
	at oracle.commonx.config.links.LoadPassword.process(LoadPassword.java:77)
	at oracle.commonx.config.CLILink.nextLink(CLILink.java:61)
	at oracle.commonx.config.links.LoadKeyStore.process(LoadKeyStore.java:65)
	at oracle.commonx.config.CLILink.nextLink(CLILink.java:61)
	at oracle.commonx.config.links.SettingsMaker.process(SettingsMaker.java:117)
	at oracle.commonx.config.CLILink.nextLink(CLILink.java:61)
	at oracle.commonx.config.links.UserConfigCrafter.process(UserConfigCrafter.java:58)
	at oracle.commonx.config.CLILink.nextLink(CLILink.java:61)
	at oracle.patch.config.links.links.ConfigDBValidations.process(ConfigDBValidations.java:51)
	at oracle.patch.config.links.links.ConfigDBValidations.process(ConfigDBValidations.java:35)
	at oracle.commonx.config.CLILink.nextLink(CLILink.java:61)
	at oracle.patch.config.links.DeriveConfigValues.process(DeriveConfigValues.java:115)
	at oracle.patch.config.links.DeriveConfigValues.process(DeriveConfigValues.java:70)
	at oracle.commonx.config.CLILink.nextLink(CLILink.java:61)
	at oracle.patch.config.links.ProcessConfigQueries.process(ProcessConfigQueries.java:92)
	at oracle.patch.config.links.ProcessConfigQueries.process(ProcessConfigQueries.java:55)
	at oracle.commonx.config.CLILink.nextLink(CLILink.java:61)
	at oracle.patch.config.links.ExecuteConfigQueries.process(ExecuteConfigQueries.java:116)
	at oracle.patch.config.links.ExecuteConfigQueries.process(ExecuteConfigQueries.java:53)
	at oracle.commonx.config.CLILink.nextLink(CLILink.java:61)
	at oracle.commonx.config.links.LoadPassword.process(LoadPassword.java:77)
	at oracle.commonx.config.CLILink.nextLink(CLILink.java:61)
	at oracle.commonx.config.links.LoadKeyStore.process(LoadKeyStore.java:80)
	at oracle.commonx.config.CLILink.nextLink(CLILink.java:61)
	at oracle.patch.config.links.SetExecutionEnvs.process(SetExecutionEnvs.java:67)
	at oracle.patch.config.links.SetExecutionEnvs.process(SetExecutionEnvs.java:37)
	at oracle.commonx.config.CLILink.nextLink(CLILink.java:61)
	at oracle.patch.config.links.DeriveConfigValues.process(DeriveConfigValues.java:115)
	at oracle.patch.config.links.DeriveConfigValues.process(DeriveConfigValues.java:70)
	at oracle.commonx.config.CLILink.nextLink(CLILink.java:61)
	at oracle.commonx.config.links.GlobalParametersValidator.process(GlobalParametersValidator.java:60)
	at oracle.commonx.config.CLILink.nextLink(CLILink.java:61)
	at oracle.patch.config.links.ValidateConfigParameters.process(ValidateConfigParameters.java:107)
	at oracle.patch.config.links.ValidateConfigParameters.process(ValidateConfigParameters.java:54)
	at oracle.commonx.config.CLILink.nextLink(CLILink.java:61)
	at oracle.patch.config.links.ReadAutoPatchConfigFile.process(ReadAutoPatchConfigFile.java:69)
	at oracle.patch.config.links.ReadAutoPatchConfigFile.process(ReadAutoPatchConfigFile.java:41)
	at oracle.commonx.config.CLILink.nextLink(CLILink.java:61)
	at oracle.commonx.config.links.PrefixesCalculator.process(PrefixesCalculator.java:96)
	at oracle.commonx.config.CLILink.nextLink(CLILink.java:61)
	at oracle.commonx.config.links.UserConfigGlobalValidator.process(UserConfigGlobalValidator.java:99)
	at oracle.commonx.config.CLILink.nextLink(CLILink.java:61)
	at oracle.patch.config.links.PopulatePrefixesWithoutSource.process(PopulatePrefixesWithoutSource.java:106)
	at oracle.patch.config.links.PopulatePrefixesWithoutSource.process(PopulatePrefixesWithoutSource.java:43)
	at oracle.commonx.config.CLILink.nextLink(CLILink.java:61)
	at oracle.commonx.config.links.LoginFileCreator.process(LoginFileCreator.java:75)
	at oracle.commonx.config.CLILink.nextLink(CLILink.java:61)
	at oracle.commonx.config.links.InternalSettingsParser.process(InternalSettingsParser.java:138)
	at oracle.commonx.config.CLILink.nextLink(CLILink.java:61)
	at oracle.commonx.config.links.VersionMatcher.process(VersionMatcher.java:56)
	at oracle.commonx.config.CLILink.nextLink(CLILink.java:61)
	at oracle.commonx.config.links.ContextFinder.process(ContextFinder.java:210)
	at oracle.commonx.config.CLILink.nextLink(CLILink.java:61)
	at oracle.commonx.config.links.JavaVersionValidation.process(JavaVersionValidation.java:55)
	at oracle.commonx.config.CLILink.nextLink(CLILink.java:61)
	at oracle.commonx.config.links.LoggerMaker.process(LoggerMaker.java:105)
	at oracle.commonx.config.CLILink.nextLink(CLILink.java:61)
	at oracle.commonx.config.links.CommonLocker.process(CommonLocker.java:86)
	at oracle.commonx.config.CLILink.nextLink(CLILink.java:61)
	at oracle.commonx.config.links.ZipMaker.process(ZipMaker.java:61)
	at oracle.commonx.config.CLILink.nextLink(CLILink.java:61)
	at oracle.commonx.config.links.GlobalConstants.process(GlobalConstants.java:244)
	at oracle.commonx.config.CLILink.nextLink(CLILink.java:61)
	at oracle.commonx.config.links.PreCreateConfigValues.process(PreCreateConfigValues.java:87)
	at oracle.commonx.config.CLILink.nextLink(CLILink.java:61)
	at oracle.patch.config.links.links.NoConfigSupport.process(NoConfigSupport.java:74)
	at oracle.patch.config.links.links.NoConfigSupport.process(NoConfigSupport.java:54)
	at oracle.commonx.config.CLILink.nextLink(CLILink.java:61)
	at oracle.patch.config.links.PatchOptionsParser.process(PatchOptionsParser.java:64)
	at oracle.patch.config.links.PatchOptionsParser.process(PatchOptionsParser.java:54)
	at oracle.commonx.config.Bootstrap.processCLIParams(Bootstrap.java:78)
	at oracle.commons.boot.CommonMain.<init>(CommonMain.java:98)
	at oracle.patch.boot.AutoPatchMain.<init>(AutoPatchMain.java:93)
	at oracle.patch.boot.AutoPatchMain.newInstance(AutoPatchMain.java:129)
	at oracle.patch.boot.PatchBoot.lambda$main$0(PatchBoot.java:45)
	at oracle.commons.boot.CommonBoot.startUtility(CommonBoot.java:61)
	at oracle.patch.boot.PatchBoot.main(PatchBoot.java:45)
	at oracle.boot.JointBoot.main(JointBoot.java:58)

2024-11-01 10:44:49.414 WARNING Patch query failed
*Connection Failed - You entered an incorrect user name or password.* - DownloadFiles.isValidSetup#114 
oracle.commons.utils.errors.ARU103: CommonException [Failed to connect to ARU - CommonException [Connection Failed - You entered an incorrect user name or password.]]
	at oracle.commons.aru.AruUtils.generateToken(AruUtils.java:120)
	at oracle.commons.aru.AruUtils.canConnectToAru(AruUtils.java:170)
	at oracle.patch.jvalid.DownloadFiles.download(DownloadFiles.java:134)
	at oracle.patch.jvalid.DownloadFiles.isValidSetup(DownloadFiles.java:110)
	at oracle.patch.jvalid.DownloadFiles.isValidSetup(DownloadFiles.java:75)
	at oracle.commonx.config.links.JobRulesValidator.process(JobRulesValidator.java:94)
	at oracle.patch.config.links.DownloadAndLocate.process(DownloadAndLocate.java:49)
	at oracle.patch.config.links.DownloadAndLocate.process(DownloadAndLocate.java:39)
	at oracle.commonx.config.CLILink.nextLink(CLILink.java:61)
	at oracle.commonx.config.links.JobRulesValidator.process(JobRulesValidator.java:116)
	at oracle.commonx.config.CLILink.nextLink(CLILink.java:61)
	at oracle.commonx.config.links.LoadPassword.process(LoadPassword.java:77)
	at oracle.commonx.config.CLILink.nextLink(CLILink.java:61)
	at oracle.commonx.config.links.LoadKeyStore.process(LoadKeyStore.java:65)
	at oracle.commonx.config.CLILink.nextLink(CLILink.java:61)
	at oracle.commonx.config.links.SettingsMaker.process(SettingsMaker.java:117)
	at oracle.commonx.config.CLILink.nextLink(CLILink.java:61)
	at oracle.commonx.config.links.UserConfigCrafter.process(UserConfigCrafter.java:58)
	at oracle.commonx.config.CLILink.nextLink(CLILink.java:61)
	at oracle.patch.config.links.links.ConfigDBValidations.process(ConfigDBValidations.java:51)
	at oracle.patch.config.links.links.ConfigDBValidations.process(ConfigDBValidations.java:35)
	at oracle.commonx.config.CLILink.nextLink(CLILink.java:61)
	at oracle.patch.config.links.DeriveConfigValues.process(DeriveConfigValues.java:115)
	at oracle.patch.config.links.DeriveConfigValues.process(DeriveConfigValues.java:70)
	at oracle.commonx.config.CLILink.nextLink(CLILink.java:61)
	at oracle.patch.config.links.ProcessConfigQueries.process(ProcessConfigQueries.java:92)
	at oracle.patch.config.links.ProcessConfigQueries.process(ProcessConfigQueries.java:55)
	at oracle.commonx.config.CLILink.nextLink(CLILink.java:61)
	at oracle.patch.config.links.ExecuteConfigQueries.process(ExecuteConfigQueries.java:116)
	at oracle.patch.config.links.ExecuteConfigQueries.process(ExecuteConfigQueries.java:53)
	at oracle.commonx.config.CLILink.nextLink(CLILink.java:61)
	at oracle.commonx.config.links.LoadPassword.process(LoadPassword.java:77)
	at oracle.commonx.config.CLILink.nextLink(CLILink.java:61)
	at oracle.commonx.config.links.LoadKeyStore.process(LoadKeyStore.java:80)
	at oracle.commonx.config.CLILink.nextLink(CLILink.java:61)
	at oracle.patch.config.links.SetExecutionEnvs.process(SetExecutionEnvs.java:67)
	at oracle.patch.config.links.SetExecutionEnvs.process(SetExecutionEnvs.java:37)
	at oracle.commonx.config.CLILink.nextLink(CLILink.java:61)
	at oracle.patch.config.links.DeriveConfigValues.process(DeriveConfigValues.java:115)
	at oracle.patch.config.links.DeriveConfigValues.process(DeriveConfigValues.java:70)
	at oracle.commonx.config.CLILink.nextLink(CLILink.java:61)
	at oracle.commonx.config.links.GlobalParametersValidator.process(GlobalParametersValidator.java:60)
	at oracle.commonx.config.CLILink.nextLink(CLILink.java:61)
	at oracle.patch.config.links.ValidateConfigParameters.process(ValidateConfigParameters.java:107)
	at oracle.patch.config.links.ValidateConfigParameters.process(ValidateConfigParameters.java:54)
	at oracle.commonx.config.CLILink.nextLink(CLILink.java:61)
	at oracle.patch.config.links.ReadAutoPatchConfigFile.process(ReadAutoPatchConfigFile.java:69)
	at oracle.patch.config.links.ReadAutoPatchConfigFile.process(ReadAutoPatchConfigFile.java:41)
	at oracle.commonx.config.CLILink.nextLink(CLILink.java:61)
	at oracle.commonx.config.links.PrefixesCalculator.process(PrefixesCalculator.java:96)
	at oracle.commonx.config.CLILink.nextLink(CLILink.java:61)
	at oracle.commonx.config.links.UserConfigGlobalValidator.process(UserConfigGlobalValidator.java:99)
	at oracle.commonx.config.CLILink.nextLink(CLILink.java:61)
	at oracle.patch.config.links.PopulatePrefixesWithoutSource.process(PopulatePrefixesWithoutSource.java:106)
	at oracle.patch.config.links.PopulatePrefixesWithoutSource.process(PopulatePrefixesWithoutSource.java:43)
	at oracle.commonx.config.CLILink.nextLink(CLILink.java:61)
	at oracle.commonx.config.links.LoginFileCreator.process(LoginFileCreator.java:75)
	at oracle.commonx.config.CLILink.nextLink(CLILink.java:61)
	at oracle.commonx.config.links.InternalSettingsParser.process(InternalSettingsParser.java:138)
	at oracle.commonx.config.CLILink.nextLink(CLILink.java:61)
	at oracle.commonx.config.links.VersionMatcher.process(VersionMatcher.java:56)
	at oracle.commonx.config.CLILink.nextLink(CLILink.java:61)
	at oracle.commonx.config.links.ContextFinder.process(ContextFinder.java:210)
	at oracle.commonx.config.CLILink.nextLink(CLILink.java:61)
	at oracle.commonx.config.links.JavaVersionValidation.process(JavaVersionValidation.java:55)
	at oracle.commonx.config.CLILink.nextLink(CLILink.java:61)
	at oracle.commonx.config.links.LoggerMaker.process(LoggerMaker.java:105)
	at oracle.commonx.config.CLILink.nextLink(CLILink.java:61)
	at oracle.commonx.config.links.CommonLocker.process(CommonLocker.java:86)
	at oracle.commonx.config.CLILink.nextLink(CLILink.java:61)
	at oracle.commonx.config.links.ZipMaker.process(ZipMaker.java:61)
	at oracle.commonx.config.CLILink.nextLink(CLILink.java:61)
	at oracle.commonx.config.links.GlobalConstants.process(GlobalConstants.java:244)
	at oracle.commonx.config.CLILink.nextLink(CLILink.java:61)
	at oracle.commonx.config.links.PreCreateConfigValues.process(PreCreateConfigValues.java:87)
	at oracle.commonx.config.CLILink.nextLink(CLILink.java:61)
	at oracle.patch.config.links.links.NoConfigSupport.process(NoConfigSupport.java:74)
	at oracle.patch.config.links.links.NoConfigSupport.process(NoConfigSupport.java:54)
	at oracle.commonx.config.CLILink.nextLink(CLILink.java:61)
	at oracle.patch.config.links.PatchOptionsParser.process(PatchOptionsParser.java:64)
	at oracle.patch.config.links.PatchOptionsParser.process(PatchOptionsParser.java:54)
	at oracle.commonx.config.Bootstrap.processCLIParams(Bootstrap.java:78)
	at oracle.commons.boot.CommonMain.<init>(CommonMain.java:98)
	at oracle.patch.boot.AutoPatchMain.<init>(AutoPatchMain.java:93)
	at oracle.patch.boot.AutoPatchMain.newInstance(AutoPatchMain.java:129)
	at oracle.patch.boot.PatchBoot.lambda$main$0(PatchBoot.java:45)
	at oracle.commons.boot.CommonBoot.startUtility(CommonBoot.java:61)
	at oracle.patch.boot.PatchBoot.main(PatchBoot.java:45)
	at oracle.boot.JointBoot.main(JointBoot.java:58)
Caused by: oracle.commons.utils.errors.ARU100: CommonException [Connection Failed - You entered an incorrect user name or password.]
	at oracle.commons.aru.BearerToken.newInstance(BearerToken.java:63)
	at oracle.commons.aru.AruUtils.generateToken(AruUtils.java:116)
	... 88 more

2024-11-01 10:44:49.415 INFO Finished - DownloadFiles.isValidSetup#122 
2024-11-01 10:46:30.327 INFO Connecting to MOS Services - AruUtils.generateToken#113 
2024-11-01 10:46:30.351 INFO Using java to access [https://login-ext.identity.oraclecloud.com/oauth2/v1/token] - JavaHttpClient.request#78 
2024-11-01 10:46:30.353 INFO [null] [null] - JavaHttpClient.getProxy#219 
2024-11-01 10:46:30.353 INFO [Optional.empty] - JavaHttpClient.request_#129 
2024-11-01 10:46:30.947 WARNING Java http client failed with the following output [400] :
{"error":"invalid_grant","error_description":"You entered an incorrect user name or password.","ecid":"EdMnn15Fa10000000"} - JavaHttpClient.request_#174 
2024-11-01 10:46:30.959 WARNING MOS connection failed - AruUtils.generateToken#119 
oracle.commons.utils.errors.ARU100: CommonException [Connection Failed - You entered an incorrect user name or password.]
	at oracle.commons.aru.BearerToken.newInstance(BearerToken.java:63)
	at oracle.commons.aru.AruUtils.generateToken(AruUtils.java:116)
	at oracle.commons.aru.AruUtils.canConnectToAru(AruUtils.java:170)
	at oracle.upgrade.autoupgrade.utils.security.keystore.AruGroupProcessor.listCredentialInfo(AruGroupProcessor.java:113)
	at oracle.upgrade.autoupgrade.utils.security.keystore.AruGroupProcessor.process(AruGroupProcessor.java:78)
	at oracle.upgrade.autoupgrade.utils.security.keystore.PasswordConsole.runKeyStoreConsole(PasswordConsole.java:142)
	at oracle.commonx.config.links.LoadPassword.process(LoadPassword.java:106)
	at oracle.commonx.config.CLILink.nextLink(CLILink.java:61)
	at oracle.commonx.config.links.LoadKeyStore.process(LoadKeyStore.java:65)
	at oracle.commonx.config.CLILink.nextLink(CLILink.java:61)
	at oracle.commonx.config.links.SettingsMaker.process(SettingsMaker.java:117)
	at oracle.commonx.config.CLILink.nextLink(CLILink.java:61)
	at oracle.commonx.config.links.UserConfigCrafter.process(UserConfigCrafter.java:58)
	at oracle.commonx.config.CLILink.nextLink(CLILink.java:61)
	at oracle.patch.config.links.links.ConfigDBValidations.process(ConfigDBValidations.java:51)
	at oracle.patch.config.links.links.ConfigDBValidations.process(ConfigDBValidations.java:35)
	at oracle.commonx.config.CLILink.nextLink(CLILink.java:61)
	at oracle.patch.config.links.DeriveConfigValues.process(DeriveConfigValues.java:115)
	at oracle.patch.config.links.DeriveConfigValues.process(DeriveConfigValues.java:70)
	at oracle.commonx.config.CLILink.nextLink(CLILink.java:61)
	at oracle.patch.config.links.ProcessConfigQueries.process(ProcessConfigQueries.java:92)
	at oracle.patch.config.links.ProcessConfigQueries.process(ProcessConfigQueries.java:55)
	at oracle.commonx.config.CLILink.nextLink(CLILink.java:61)
	at oracle.patch.config.links.ExecuteConfigQueries.process(ExecuteConfigQueries.java:116)
	at oracle.patch.config.links.ExecuteConfigQueries.process(ExecuteConfigQueries.java:53)
	at oracle.commonx.config.CLILink.nextLink(CLILink.java:61)
	at oracle.commonx.config.links.LoadPassword.lambda$checkAllConnections$3(LoadPassword.java:140)
	at java.base/java.util.Optional.ifPresent(Optional.java:183)
	at oracle.commonx.config.links.LoadPassword.checkAllConnections(LoadPassword.java:138)
	at oracle.commonx.config.links.LoadPassword.process(LoadPassword.java:90)
	at oracle.commonx.config.CLILink.nextLink(CLILink.java:61)
	at oracle.commonx.config.links.LoadKeyStore.process(LoadKeyStore.java:80)
	at oracle.commonx.config.CLILink.nextLink(CLILink.java:61)
	at oracle.patch.config.links.SetExecutionEnvs.process(SetExecutionEnvs.java:67)
	at oracle.patch.config.links.SetExecutionEnvs.process(SetExecutionEnvs.java:37)
	at oracle.commonx.config.CLILink.nextLink(CLILink.java:61)
	at oracle.patch.config.links.DeriveConfigValues.process(DeriveConfigValues.java:115)
	at oracle.patch.config.links.DeriveConfigValues.process(DeriveConfigValues.java:70)
	at oracle.commonx.config.CLILink.nextLink(CLILink.java:61)
	at oracle.commonx.config.links.GlobalParametersValidator.process(GlobalParametersValidator.java:60)
	at oracle.commonx.config.CLILink.nextLink(CLILink.java:61)
	at oracle.patch.config.links.ValidateConfigParameters.process(ValidateConfigParameters.java:107)
	at oracle.patch.config.links.ValidateConfigParameters.process(ValidateConfigParameters.java:54)
	at oracle.commonx.config.CLILink.nextLink(CLILink.java:61)
	at oracle.patch.config.links.ReadAutoPatchConfigFile.process(ReadAutoPatchConfigFile.java:69)
	at oracle.patch.config.links.ReadAutoPatchConfigFile.process(ReadAutoPatchConfigFile.java:41)
	at oracle.commonx.config.CLILink.nextLink(CLILink.java:61)
	at oracle.commonx.config.links.PrefixesCalculator.process(PrefixesCalculator.java:96)
	at oracle.commonx.config.CLILink.nextLink(CLILink.java:61)
	at oracle.commonx.config.links.UserConfigGlobalValidator.process(UserConfigGlobalValidator.java:99)
	at oracle.commonx.config.CLILink.nextLink(CLILink.java:61)
	at oracle.patch.config.links.PopulatePrefixesWithoutSource.process(PopulatePrefixesWithoutSource.java:106)
	at oracle.patch.config.links.PopulatePrefixesWithoutSource.process(PopulatePrefixesWithoutSource.java:43)
	at oracle.commonx.config.CLILink.nextLink(CLILink.java:61)
	at oracle.commonx.config.links.LoginFileCreator.process(LoginFileCreator.java:75)
	at oracle.commonx.config.CLILink.nextLink(CLILink.java:61)
	at oracle.commonx.config.links.InternalSettingsParser.process(InternalSettingsParser.java:138)
	at oracle.commonx.config.CLILink.nextLink(CLILink.java:61)
	at oracle.commonx.config.links.VersionMatcher.process(VersionMatcher.java:56)
	at oracle.commonx.config.CLILink.nextLink(CLILink.java:61)
	at oracle.commonx.config.links.ContextFinder.process(ContextFinder.java:210)
	at oracle.commonx.config.CLILink.nextLink(CLILink.java:61)
	at oracle.commonx.config.links.JavaVersionValidation.process(JavaVersionValidation.java:55)
	at oracle.commonx.config.CLILink.nextLink(CLILink.java:61)
	at oracle.commonx.config.links.LoggerMaker.process(LoggerMaker.java:105)
	at oracle.commonx.config.CLILink.nextLink(CLILink.java:61)
	at oracle.commonx.config.links.CommonLocker.process(CommonLocker.java:86)
	at oracle.commonx.config.CLILink.nextLink(CLILink.java:61)
	at oracle.commonx.config.links.ZipMaker.process(ZipMaker.java:61)
	at oracle.commonx.config.CLILink.nextLink(CLILink.java:61)
	at oracle.commonx.config.links.GlobalConstants.process(GlobalConstants.java:244)
	at oracle.commonx.config.CLILink.nextLink(CLILink.java:61)
	at oracle.commonx.config.links.PreCreateConfigValues.process(PreCreateConfigValues.java:87)
	at oracle.commonx.config.CLILink.nextLink(CLILink.java:61)
	at oracle.patch.config.links.links.NoConfigSupport.process(NoConfigSupport.java:74)
	at oracle.patch.config.links.links.NoConfigSupport.process(NoConfigSupport.java:54)
	at oracle.commonx.config.CLILink.nextLink(CLILink.java:61)
	at oracle.patch.config.links.PatchOptionsParser.process(PatchOptionsParser.java:64)
	at oracle.patch.config.links.PatchOptionsParser.process(PatchOptionsParser.java:54)
	at oracle.commonx.config.Bootstrap.processCLIParams(Bootstrap.java:78)
	at oracle.commons.boot.CommonMain.<init>(CommonMain.java:98)
	at oracle.patch.boot.AutoPatchMain.<init>(AutoPatchMain.java:93)
	at oracle.patch.boot.AutoPatchMain.newInstance(AutoPatchMain.java:129)
	at oracle.patch.boot.PatchBoot.lambda$main$0(PatchBoot.java:45)
	at oracle.commons.boot.CommonBoot.startUtility(CommonBoot.java:61)
	at oracle.patch.boot.PatchBoot.main(PatchBoot.java:45)
	at oracle.boot.JointBoot.main(JointBoot.java:58)

2024-11-01 10:47:31.040 INFO Connecting to MOS Services - AruUtils.generateToken#113 
2024-11-01 10:47:31.041 INFO Using java to access [https://login-ext.identity.oraclecloud.com/oauth2/v1/token] - JavaHttpClient.request#78 
2024-11-01 10:47:31.041 INFO [null] [null] - JavaHttpClient.getProxy#219 
2024-11-01 10:47:31.041 INFO [Optional.empty] - JavaHttpClient.request_#129 
2024-11-01 10:47:31.499 WARNING Java http client failed with the following output [400] :
{"error":"invalid_grant","error_description":"You entered an incorrect user name or password.","ecid":"ATwWG0LCf10000000"} - JavaHttpClient.request_#174 
2024-11-01 10:47:31.501 WARNING MOS connection failed - AruUtils.generateToken#119 
oracle.commons.utils.errors.ARU100: CommonException [Connection Failed - You entered an incorrect user name or password.]
	at oracle.commons.aru.BearerToken.newInstance(BearerToken.java:63)
	at oracle.commons.aru.AruUtils.generateToken(AruUtils.java:116)
	at oracle.commons.aru.AruUtils.canConnectToAru(AruUtils.java:170)
	at oracle.upgrade.autoupgrade.utils.security.keystore.AruGroupProcessor.listCredentialInfo(AruGroupProcessor.java:113)
	at oracle.upgrade.autoupgrade.utils.security.keystore.AruGroupProcessor.process(AruGroupProcessor.java:78)
	at oracle.upgrade.autoupgrade.utils.security.keystore.PasswordConsole.runKeyStoreConsole(PasswordConsole.java:142)
	at oracle.commonx.config.links.LoadPassword.process(LoadPassword.java:106)
	at oracle.commonx.config.CLILink.nextLink(CLILink.java:61)
	at oracle.commonx.config.links.LoadKeyStore.process(LoadKeyStore.java:65)
	at oracle.commonx.config.CLILink.nextLink(CLILink.java:61)
	at oracle.commonx.config.links.SettingsMaker.process(SettingsMaker.java:117)
	at oracle.commonx.config.CLILink.nextLink(CLILink.java:61)
	at oracle.commonx.config.links.UserConfigCrafter.process(UserConfigCrafter.java:58)
	at oracle.commonx.config.CLILink.nextLink(CLILink.java:61)
	at oracle.patch.config.links.links.ConfigDBValidations.process(ConfigDBValidations.java:51)
	at oracle.patch.config.links.links.ConfigDBValidations.process(ConfigDBValidations.java:35)
	at oracle.commonx.config.CLILink.nextLink(CLILink.java:61)
	at oracle.patch.config.links.DeriveConfigValues.process(DeriveConfigValues.java:115)
	at oracle.patch.config.links.DeriveConfigValues.process(DeriveConfigValues.java:70)
	at oracle.commonx.config.CLILink.nextLink(CLILink.java:61)
	at oracle.patch.config.links.ProcessConfigQueries.process(ProcessConfigQueries.java:92)
	at oracle.patch.config.links.ProcessConfigQueries.process(ProcessConfigQueries.java:55)
	at oracle.commonx.config.CLILink.nextLink(CLILink.java:61)
	at oracle.patch.config.links.ExecuteConfigQueries.process(ExecuteConfigQueries.java:116)
	at oracle.patch.config.links.ExecuteConfigQueries.process(ExecuteConfigQueries.java:53)
	at oracle.commonx.config.CLILink.nextLink(CLILink.java:61)
	at oracle.commonx.config.links.LoadPassword.lambda$checkAllConnections$3(LoadPassword.java:140)
	at java.base/java.util.Optional.ifPresent(Optional.java:183)
	at oracle.commonx.config.links.LoadPassword.checkAllConnections(LoadPassword.java:138)
	at oracle.commonx.config.links.LoadPassword.process(LoadPassword.java:90)
	at oracle.commonx.config.CLILink.nextLink(CLILink.java:61)
	at oracle.commonx.config.links.LoadKeyStore.process(LoadKeyStore.java:80)
	at oracle.commonx.config.CLILink.nextLink(CLILink.java:61)
	at oracle.patch.config.links.SetExecutionEnvs.process(SetExecutionEnvs.java:67)
	at oracle.patch.config.links.SetExecutionEnvs.process(SetExecutionEnvs.java:37)
	at oracle.commonx.config.CLILink.nextLink(CLILink.java:61)
	at oracle.patch.config.links.DeriveConfigValues.process(DeriveConfigValues.java:115)
	at oracle.patch.config.links.DeriveConfigValues.process(DeriveConfigValues.java:70)
	at oracle.commonx.config.CLILink.nextLink(CLILink.java:61)
	at oracle.commonx.config.links.GlobalParametersValidator.process(GlobalParametersValidator.java:60)
	at oracle.commonx.config.CLILink.nextLink(CLILink.java:61)
	at oracle.patch.config.links.ValidateConfigParameters.process(ValidateConfigParameters.java:107)
	at oracle.patch.config.links.ValidateConfigParameters.process(ValidateConfigParameters.java:54)
	at oracle.commonx.config.CLILink.nextLink(CLILink.java:61)
	at oracle.patch.config.links.ReadAutoPatchConfigFile.process(ReadAutoPatchConfigFile.java:69)
	at oracle.patch.config.links.ReadAutoPatchConfigFile.process(ReadAutoPatchConfigFile.java:41)
	at oracle.commonx.config.CLILink.nextLink(CLILink.java:61)
	at oracle.commonx.config.links.PrefixesCalculator.process(PrefixesCalculator.java:96)
	at oracle.commonx.config.CLILink.nextLink(CLILink.java:61)
	at oracle.commonx.config.links.UserConfigGlobalValidator.process(UserConfigGlobalValidator.java:99)
	at oracle.commonx.config.CLILink.nextLink(CLILink.java:61)
	at oracle.patch.config.links.PopulatePrefixesWithoutSource.process(PopulatePrefixesWithoutSource.java:106)
	at oracle.patch.config.links.PopulatePrefixesWithoutSource.process(PopulatePrefixesWithoutSource.java:43)
	at oracle.commonx.config.CLILink.nextLink(CLILink.java:61)
	at oracle.commonx.config.links.LoginFileCreator.process(LoginFileCreator.java:75)
	at oracle.commonx.config.CLILink.nextLink(CLILink.java:61)
	at oracle.commonx.config.links.InternalSettingsParser.process(InternalSettingsParser.java:138)
	at oracle.commonx.config.CLILink.nextLink(CLILink.java:61)
	at oracle.commonx.config.links.VersionMatcher.process(VersionMatcher.java:56)
	at oracle.commonx.config.CLILink.nextLink(CLILink.java:61)
	at oracle.commonx.config.links.ContextFinder.process(ContextFinder.java:210)
	at oracle.commonx.config.CLILink.nextLink(CLILink.java:61)
	at oracle.commonx.config.links.JavaVersionValidation.process(JavaVersionValidation.java:55)
	at oracle.commonx.config.CLILink.nextLink(CLILink.java:61)
	at oracle.commonx.config.links.LoggerMaker.process(LoggerMaker.java:105)
	at oracle.commonx.config.CLILink.nextLink(CLILink.java:61)
	at oracle.commonx.config.links.CommonLocker.process(CommonLocker.java:86)
	at oracle.commonx.config.CLILink.nextLink(CLILink.java:61)
	at oracle.commonx.config.links.ZipMaker.process(ZipMaker.java:61)
	at oracle.commonx.config.CLILink.nextLink(CLILink.java:61)
	at oracle.commonx.config.links.GlobalConstants.process(GlobalConstants.java:244)
	at oracle.commonx.config.CLILink.nextLink(CLILink.java:61)
	at oracle.commonx.config.links.PreCreateConfigValues.process(PreCreateConfigValues.java:87)
	at oracle.commonx.config.CLILink.nextLink(CLILink.java:61)
	at oracle.patch.config.links.links.NoConfigSupport.process(NoConfigSupport.java:74)
	at oracle.patch.config.links.links.NoConfigSupport.process(NoConfigSupport.java:54)
	at oracle.commonx.config.CLILink.nextLink(CLILink.java:61)
	at oracle.patch.config.links.PatchOptionsParser.process(PatchOptionsParser.java:64)
	at oracle.patch.config.links.PatchOptionsParser.process(PatchOptionsParser.java:54)
	at oracle.commonx.config.Bootstrap.processCLIParams(Bootstrap.java:78)
	at oracle.commons.boot.CommonMain.<init>(CommonMain.java:98)
	at oracle.patch.boot.AutoPatchMain.<init>(AutoPatchMain.java:93)
	at oracle.patch.boot.AutoPatchMain.newInstance(AutoPatchMain.java:129)
	at oracle.patch.boot.PatchBoot.lambda$main$0(PatchBoot.java:45)
	at oracle.commons.boot.CommonBoot.startUtility(CommonBoot.java:61)
	at oracle.patch.boot.PatchBoot.main(PatchBoot.java:45)
	at oracle.boot.JointBoot.main(JointBoot.java:58)

2024-11-01 10:48:12.679 INFO Connecting to MOS Services - AruUtils.generateToken#113 
2024-11-01 10:48:12.680 INFO Using java to access [https://login-ext.identity.oraclecloud.com/oauth2/v1/token] - JavaHttpClient.request#78 
2024-11-01 10:48:12.681 INFO [null] [null] - JavaHttpClient.getProxy#219 
2024-11-01 10:48:12.681 INFO [Optional.empty] - JavaHttpClient.request_#129 
2024-11-01 10:48:13.165 WARNING Java http client failed with the following output [400] :
{"error":"invalid_grant","error_description":"You entered an incorrect user name or password.","ecid":"8x1jK1Uym10000000"} - JavaHttpClient.request_#174 
2024-11-01 10:48:13.167 WARNING MOS connection failed - AruUtils.generateToken#119 
oracle.commons.utils.errors.ARU100: CommonException [Connection Failed - You entered an incorrect user name or password.]
	at oracle.commons.aru.BearerToken.newInstance(BearerToken.java:63)
	at oracle.commons.aru.AruUtils.generateToken(AruUtils.java:116)
	at oracle.commons.aru.AruUtils.canConnectToAru(AruUtils.java:170)
	at oracle.upgrade.autoupgrade.utils.security.keystore.AruGroupProcessor.listCredentialInfo(AruGroupProcessor.java:113)
	at oracle.upgrade.autoupgrade.utils.security.keystore.AruGroupProcessor.process(AruGroupProcessor.java:78)
	at oracle.upgrade.autoupgrade.utils.security.keystore.PasswordConsole.runKeyStoreConsole(PasswordConsole.java:142)
	at oracle.commonx.config.links.LoadPassword.process(LoadPassword.java:106)
	at oracle.commonx.config.CLILink.nextLink(CLILink.java:61)
	at oracle.commonx.config.links.LoadKeyStore.process(LoadKeyStore.java:65)
	at oracle.commonx.config.CLILink.nextLink(CLILink.java:61)
	at oracle.commonx.config.links.SettingsMaker.process(SettingsMaker.java:117)
	at oracle.commonx.config.CLILink.nextLink(CLILink.java:61)
	at oracle.commonx.config.links.UserConfigCrafter.process(UserConfigCrafter.java:58)
	at oracle.commonx.config.CLILink.nextLink(CLILink.java:61)
	at oracle.patch.config.links.links.ConfigDBValidations.process(ConfigDBValidations.java:51)
	at oracle.patch.config.links.links.ConfigDBValidations.process(ConfigDBValidations.java:35)
	at oracle.commonx.config.CLILink.nextLink(CLILink.java:61)
	at oracle.patch.config.links.DeriveConfigValues.process(DeriveConfigValues.java:115)
	at oracle.patch.config.links.DeriveConfigValues.process(DeriveConfigValues.java:70)
	at oracle.commonx.config.CLILink.nextLink(CLILink.java:61)
	at oracle.patch.config.links.ProcessConfigQueries.process(ProcessConfigQueries.java:92)
	at oracle.patch.config.links.ProcessConfigQueries.process(ProcessConfigQueries.java:55)
	at oracle.commonx.config.CLILink.nextLink(CLILink.java:61)
	at oracle.patch.config.links.ExecuteConfigQueries.process(ExecuteConfigQueries.java:116)
	at oracle.patch.config.links.ExecuteConfigQueries.process(ExecuteConfigQueries.java:53)
	at oracle.commonx.config.CLILink.nextLink(CLILink.java:61)
	at oracle.commonx.config.links.LoadPassword.lambda$checkAllConnections$3(LoadPassword.java:140)
	at java.base/java.util.Optional.ifPresent(Optional.java:183)
	at oracle.commonx.config.links.LoadPassword.checkAllConnections(LoadPassword.java:138)
	at oracle.commonx.config.links.LoadPassword.process(LoadPassword.java:90)
	at oracle.commonx.config.CLILink.nextLink(CLILink.java:61)
	at oracle.commonx.config.links.LoadKeyStore.process(LoadKeyStore.java:80)
	at oracle.commonx.config.CLILink.nextLink(CLILink.java:61)
	at oracle.patch.config.links.SetExecutionEnvs.process(SetExecutionEnvs.java:67)
	at oracle.patch.config.links.SetExecutionEnvs.process(SetExecutionEnvs.java:37)
	at oracle.commonx.config.CLILink.nextLink(CLILink.java:61)
	at oracle.patch.config.links.DeriveConfigValues.process(DeriveConfigValues.java:115)
	at oracle.patch.config.links.DeriveConfigValues.process(DeriveConfigValues.java:70)
	at oracle.commonx.config.CLILink.nextLink(CLILink.java:61)
	at oracle.commonx.config.links.GlobalParametersValidator.process(GlobalParametersValidator.java:60)
	at oracle.commonx.config.CLILink.nextLink(CLILink.java:61)
	at oracle.patch.config.links.ValidateConfigParameters.process(ValidateConfigParameters.java:107)
	at oracle.patch.config.links.ValidateConfigParameters.process(ValidateConfigParameters.java:54)
	at oracle.commonx.config.CLILink.nextLink(CLILink.java:61)
	at oracle.patch.config.links.ReadAutoPatchConfigFile.process(ReadAutoPatchConfigFile.java:69)
	at oracle.patch.config.links.ReadAutoPatchConfigFile.process(ReadAutoPatchConfigFile.java:41)
	at oracle.commonx.config.CLILink.nextLink(CLILink.java:61)
	at oracle.commonx.config.links.PrefixesCalculator.process(PrefixesCalculator.java:96)
	at oracle.commonx.config.CLILink.nextLink(CLILink.java:61)
	at oracle.commonx.config.links.UserConfigGlobalValidator.process(UserConfigGlobalValidator.java:99)
	at oracle.commonx.config.CLILink.nextLink(CLILink.java:61)
	at oracle.patch.config.links.PopulatePrefixesWithoutSource.process(PopulatePrefixesWithoutSource.java:106)
	at oracle.patch.config.links.PopulatePrefixesWithoutSource.process(PopulatePrefixesWithoutSource.java:43)
	at oracle.commonx.config.CLILink.nextLink(CLILink.java:61)
	at oracle.commonx.config.links.LoginFileCreator.process(LoginFileCreator.java:75)
	at oracle.commonx.config.CLILink.nextLink(CLILink.java:61)
	at oracle.commonx.config.links.InternalSettingsParser.process(InternalSettingsParser.java:138)
	at oracle.commonx.config.CLILink.nextLink(CLILink.java:61)
	at oracle.commonx.config.links.VersionMatcher.process(VersionMatcher.java:56)
	at oracle.commonx.config.CLILink.nextLink(CLILink.java:61)
	at oracle.commonx.config.links.ContextFinder.process(ContextFinder.java:210)
	at oracle.commonx.config.CLILink.nextLink(CLILink.java:61)
	at oracle.commonx.config.links.JavaVersionValidation.process(JavaVersionValidation.java:55)
	at oracle.commonx.config.CLILink.nextLink(CLILink.java:61)
	at oracle.commonx.config.links.LoggerMaker.process(LoggerMaker.java:105)
	at oracle.commonx.config.CLILink.nextLink(CLILink.java:61)
	at oracle.commonx.config.links.CommonLocker.process(CommonLocker.java:86)
	at oracle.commonx.config.CLILink.nextLink(CLILink.java:61)
	at oracle.commonx.config.links.ZipMaker.process(ZipMaker.java:61)
	at oracle.commonx.config.CLILink.nextLink(CLILink.java:61)
	at oracle.commonx.config.links.GlobalConstants.process(GlobalConstants.java:244)
	at oracle.commonx.config.CLILink.nextLink(CLILink.java:61)
	at oracle.commonx.config.links.PreCreateConfigValues.process(PreCreateConfigValues.java:87)
	at oracle.commonx.config.CLILink.nextLink(CLILink.java:61)
	at oracle.patch.config.links.links.NoConfigSupport.process(NoConfigSupport.java:74)
	at oracle.patch.config.links.links.NoConfigSupport.process(NoConfigSupport.java:54)
	at oracle.commonx.config.CLILink.nextLink(CLILink.java:61)
	at oracle.patch.config.links.PatchOptionsParser.process(PatchOptionsParser.java:64)
	at oracle.patch.config.links.PatchOptionsParser.process(PatchOptionsParser.java:54)
	at oracle.commonx.config.Bootstrap.processCLIParams(Bootstrap.java:78)
	at oracle.commons.boot.CommonMain.<init>(CommonMain.java:98)
	at oracle.patch.boot.AutoPatchMain.<init>(AutoPatchMain.java:93)
	at oracle.patch.boot.AutoPatchMain.newInstance(AutoPatchMain.java:129)
	at oracle.patch.boot.PatchBoot.lambda$main$0(PatchBoot.java:45)
	at oracle.commons.boot.CommonBoot.startUtility(CommonBoot.java:61)
	at oracle.patch.boot.PatchBoot.main(PatchBoot.java:45)
	at oracle.boot.JointBoot.main(JointBoot.java:58)

2024-11-01 10:49:07.437 INFO Starting - DownloadFiles.isValidSetup#97 
2024-11-01 10:49:07.437 INFO Starting - DownloadFiles.download#131 
2024-11-01 10:49:07.438 INFO Connecting to MOS Services - AruUtils.generateToken#113 
2024-11-01 10:49:07.453 INFO Using java to access [https://login-ext.identity.oraclecloud.com/oauth2/v1/token] - JavaHttpClient.request#78 
2024-11-01 10:49:07.454 INFO [null] [null] - JavaHttpClient.getProxy#219 
2024-11-01 10:49:07.454 INFO [Optional.empty] - JavaHttpClient.request_#129 
2024-11-01 10:49:08.066 WARNING Java http client failed with the following output [400] :
{"error":"invalid_grant","error_description":"You entered an incorrect user name or password.","ecid":"ih6I_0W5m10000000"} - JavaHttpClient.request_#174 
2024-11-01 10:49:08.083 WARNING MOS connection failed - AruUtils.generateToken#119 
oracle.commons.utils.errors.ARU100: CommonException [Connection Failed - You entered an incorrect user name or password.]
	at oracle.commons.aru.BearerToken.newInstance(BearerToken.java:63)
	at oracle.commons.aru.AruUtils.generateToken(AruUtils.java:116)
	at oracle.commons.aru.AruUtils.canConnectToAru(AruUtils.java:170)
	at oracle.patch.jvalid.DownloadFiles.download(DownloadFiles.java:134)
	at oracle.patch.jvalid.DownloadFiles.isValidSetup(DownloadFiles.java:110)
	at oracle.patch.jvalid.DownloadFiles.isValidSetup(DownloadFiles.java:75)
	at oracle.commonx.config.links.JobRulesValidator.process(JobRulesValidator.java:94)
	at oracle.patch.config.links.DownloadAndLocate.process(DownloadAndLocate.java:49)
	at oracle.patch.config.links.DownloadAndLocate.process(DownloadAndLocate.java:39)
	at oracle.commonx.config.CLILink.nextLink(CLILink.java:61)
	at oracle.commonx.config.links.JobRulesValidator.process(JobRulesValidator.java:116)
	at oracle.commonx.config.CLILink.nextLink(CLILink.java:61)
	at oracle.commonx.config.links.LoadPassword.process(LoadPassword.java:77)
	at oracle.commonx.config.CLILink.nextLink(CLILink.java:61)
	at oracle.commonx.config.links.LoadKeyStore.process(LoadKeyStore.java:65)
	at oracle.commonx.config.CLILink.nextLink(CLILink.java:61)
	at oracle.commonx.config.links.SettingsMaker.process(SettingsMaker.java:117)
	at oracle.commonx.config.CLILink.nextLink(CLILink.java:61)
	at oracle.commonx.config.links.UserConfigCrafter.process(UserConfigCrafter.java:58)
	at oracle.commonx.config.CLILink.nextLink(CLILink.java:61)
	at oracle.patch.config.links.links.ConfigDBValidations.process(ConfigDBValidations.java:51)
	at oracle.patch.config.links.links.ConfigDBValidations.process(ConfigDBValidations.java:35)
	at oracle.commonx.config.CLILink.nextLink(CLILink.java:61)
	at oracle.patch.config.links.DeriveConfigValues.process(DeriveConfigValues.java:115)
	at oracle.patch.config.links.DeriveConfigValues.process(DeriveConfigValues.java:70)
	at oracle.commonx.config.CLILink.nextLink(CLILink.java:61)
	at oracle.patch.config.links.ProcessConfigQueries.process(ProcessConfigQueries.java:92)
	at oracle.patch.config.links.ProcessConfigQueries.process(ProcessConfigQueries.java:55)
	at oracle.commonx.config.CLILink.nextLink(CLILink.java:61)
	at oracle.patch.config.links.ExecuteConfigQueries.process(ExecuteConfigQueries.java:116)
	at oracle.patch.config.links.ExecuteConfigQueries.process(ExecuteConfigQueries.java:53)
	at oracle.commonx.config.CLILink.nextLink(CLILink.java:61)
	at oracle.commonx.config.links.LoadPassword.process(LoadPassword.java:77)
	at oracle.commonx.config.CLILink.nextLink(CLILink.java:61)
	at oracle.commonx.config.links.LoadKeyStore.process(LoadKeyStore.java:80)
	at oracle.commonx.config.CLILink.nextLink(CLILink.java:61)
	at oracle.patch.config.links.SetExecutionEnvs.process(SetExecutionEnvs.java:67)
	at oracle.patch.config.links.SetExecutionEnvs.process(SetExecutionEnvs.java:37)
	at oracle.commonx.config.CLILink.nextLink(CLILink.java:61)
	at oracle.patch.config.links.DeriveConfigValues.process(DeriveConfigValues.java:115)
	at oracle.patch.config.links.DeriveConfigValues.process(DeriveConfigValues.java:70)
	at oracle.commonx.config.CLILink.nextLink(CLILink.java:61)
	at oracle.commonx.config.links.GlobalParametersValidator.process(GlobalParametersValidator.java:60)
	at oracle.commonx.config.CLILink.nextLink(CLILink.java:61)
	at oracle.patch.config.links.ValidateConfigParameters.process(ValidateConfigParameters.java:107)
	at oracle.patch.config.links.ValidateConfigParameters.process(ValidateConfigParameters.java:54)
	at oracle.commonx.config.CLILink.nextLink(CLILink.java:61)
	at oracle.patch.config.links.ReadAutoPatchConfigFile.process(ReadAutoPatchConfigFile.java:69)
	at oracle.patch.config.links.ReadAutoPatchConfigFile.process(ReadAutoPatchConfigFile.java:41)
	at oracle.commonx.config.CLILink.nextLink(CLILink.java:61)
	at oracle.commonx.config.links.PrefixesCalculator.process(PrefixesCalculator.java:96)
	at oracle.commonx.config.CLILink.nextLink(CLILink.java:61)
	at oracle.commonx.config.links.UserConfigGlobalValidator.process(UserConfigGlobalValidator.java:99)
	at oracle.commonx.config.CLILink.nextLink(CLILink.java:61)
	at oracle.patch.config.links.PopulatePrefixesWithoutSource.process(PopulatePrefixesWithoutSource.java:106)
	at oracle.patch.config.links.PopulatePrefixesWithoutSource.process(PopulatePrefixesWithoutSource.java:43)
	at oracle.commonx.config.CLILink.nextLink(CLILink.java:61)
	at oracle.commonx.config.links.LoginFileCreator.process(LoginFileCreator.java:75)
	at oracle.commonx.config.CLILink.nextLink(CLILink.java:61)
	at oracle.commonx.config.links.InternalSettingsParser.process(InternalSettingsParser.java:138)
	at oracle.commonx.config.CLILink.nextLink(CLILink.java:61)
	at oracle.commonx.config.links.VersionMatcher.process(VersionMatcher.java:56)
	at oracle.commonx.config.CLILink.nextLink(CLILink.java:61)
	at oracle.commonx.config.links.ContextFinder.process(ContextFinder.java:210)
	at oracle.commonx.config.CLILink.nextLink(CLILink.java:61)
	at oracle.commonx.config.links.JavaVersionValidation.process(JavaVersionValidation.java:55)
	at oracle.commonx.config.CLILink.nextLink(CLILink.java:61)
	at oracle.commonx.config.links.LoggerMaker.process(LoggerMaker.java:105)
	at oracle.commonx.config.CLILink.nextLink(CLILink.java:61)
	at oracle.commonx.config.links.CommonLocker.process(CommonLocker.java:86)
	at oracle.commonx.config.CLILink.nextLink(CLILink.java:61)
	at oracle.commonx.config.links.ZipMaker.process(ZipMaker.java:61)
	at oracle.commonx.config.CLILink.nextLink(CLILink.java:61)
	at oracle.commonx.config.links.GlobalConstants.process(GlobalConstants.java:244)
	at oracle.commonx.config.CLILink.nextLink(CLILink.java:61)
	at oracle.commonx.config.links.PreCreateConfigValues.process(PreCreateConfigValues.java:87)
	at oracle.commonx.config.CLILink.nextLink(CLILink.java:61)
	at oracle.patch.config.links.links.NoConfigSupport.process(NoConfigSupport.java:74)
	at oracle.patch.config.links.links.NoConfigSupport.process(NoConfigSupport.java:54)
	at oracle.commonx.config.CLILink.nextLink(CLILink.java:61)
	at oracle.patch.config.links.PatchOptionsParser.process(PatchOptionsParser.java:64)
	at oracle.patch.config.links.PatchOptionsParser.process(PatchOptionsParser.java:54)
	at oracle.commonx.config.Bootstrap.processCLIParams(Bootstrap.java:78)
	at oracle.commons.boot.CommonMain.<init>(CommonMain.java:98)
	at oracle.patch.boot.AutoPatchMain.<init>(AutoPatchMain.java:93)
	at oracle.patch.boot.AutoPatchMain.newInstance(AutoPatchMain.java:129)
	at oracle.patch.boot.PatchBoot.lambda$main$0(PatchBoot.java:45)
	at oracle.commons.boot.CommonBoot.startUtility(CommonBoot.java:61)
	at oracle.patch.boot.PatchBoot.main(PatchBoot.java:45)
	at oracle.boot.JointBoot.main(JointBoot.java:58)

2024-11-01 10:49:08.085 WARNING Patch query failed
*Connection Failed - You entered an incorrect user name or password.* - DownloadFiles.isValidSetup#114 
oracle.commons.utils.errors.ARU103: CommonException [Failed to connect to ARU - CommonException [Connection Failed - You entered an incorrect user name or password.]]
	at oracle.commons.aru.AruUtils.generateToken(AruUtils.java:120)
	at oracle.commons.aru.AruUtils.canConnectToAru(AruUtils.java:170)
	at oracle.patch.jvalid.DownloadFiles.download(DownloadFiles.java:134)
	at oracle.patch.jvalid.DownloadFiles.isValidSetup(DownloadFiles.java:110)
	at oracle.patch.jvalid.DownloadFiles.isValidSetup(DownloadFiles.java:75)
	at oracle.commonx.config.links.JobRulesValidator.process(JobRulesValidator.java:94)
	at oracle.patch.config.links.DownloadAndLocate.process(DownloadAndLocate.java:49)
	at oracle.patch.config.links.DownloadAndLocate.process(DownloadAndLocate.java:39)
	at oracle.commonx.config.CLILink.nextLink(CLILink.java:61)
	at oracle.commonx.config.links.JobRulesValidator.process(JobRulesValidator.java:116)
	at oracle.commonx.config.CLILink.nextLink(CLILink.java:61)
	at oracle.commonx.config.links.LoadPassword.process(LoadPassword.java:77)
	at oracle.commonx.config.CLILink.nextLink(CLILink.java:61)
	at oracle.commonx.config.links.LoadKeyStore.process(LoadKeyStore.java:65)
	at oracle.commonx.config.CLILink.nextLink(CLILink.java:61)
	at oracle.commonx.config.links.SettingsMaker.process(SettingsMaker.java:117)
	at oracle.commonx.config.CLILink.nextLink(CLILink.java:61)
	at oracle.commonx.config.links.UserConfigCrafter.process(UserConfigCrafter.java:58)
	at oracle.commonx.config.CLILink.nextLink(CLILink.java:61)
	at oracle.patch.config.links.links.ConfigDBValidations.process(ConfigDBValidations.java:51)
	at oracle.patch.config.links.links.ConfigDBValidations.process(ConfigDBValidations.java:35)
	at oracle.commonx.config.CLILink.nextLink(CLILink.java:61)
	at oracle.patch.config.links.DeriveConfigValues.process(DeriveConfigValues.java:115)
	at oracle.patch.config.links.DeriveConfigValues.process(DeriveConfigValues.java:70)
	at oracle.commonx.config.CLILink.nextLink(CLILink.java:61)
	at oracle.patch.config.links.ProcessConfigQueries.process(ProcessConfigQueries.java:92)
	at oracle.patch.config.links.ProcessConfigQueries.process(ProcessConfigQueries.java:55)
	at oracle.commonx.config.CLILink.nextLink(CLILink.java:61)
	at oracle.patch.config.links.ExecuteConfigQueries.process(ExecuteConfigQueries.java:116)
	at oracle.patch.config.links.ExecuteConfigQueries.process(ExecuteConfigQueries.java:53)
	at oracle.commonx.config.CLILink.nextLink(CLILink.java:61)
	at oracle.commonx.config.links.LoadPassword.process(LoadPassword.java:77)
	at oracle.commonx.config.CLILink.nextLink(CLILink.java:61)
	at oracle.commonx.config.links.LoadKeyStore.process(LoadKeyStore.java:80)
	at oracle.commonx.config.CLILink.nextLink(CLILink.java:61)
	at oracle.patch.config.links.SetExecutionEnvs.process(SetExecutionEnvs.java:67)
	at oracle.patch.config.links.SetExecutionEnvs.process(SetExecutionEnvs.java:37)
	at oracle.commonx.config.CLILink.nextLink(CLILink.java:61)
	at oracle.patch.config.links.DeriveConfigValues.process(DeriveConfigValues.java:115)
	at oracle.patch.config.links.DeriveConfigValues.process(DeriveConfigValues.java:70)
	at oracle.commonx.config.CLILink.nextLink(CLILink.java:61)
	at oracle.commonx.config.links.GlobalParametersValidator.process(GlobalParametersValidator.java:60)
	at oracle.commonx.config.CLILink.nextLink(CLILink.java:61)
	at oracle.patch.config.links.ValidateConfigParameters.process(ValidateConfigParameters.java:107)
	at oracle.patch.config.links.ValidateConfigParameters.process(ValidateConfigParameters.java:54)
	at oracle.commonx.config.CLILink.nextLink(CLILink.java:61)
	at oracle.patch.config.links.ReadAutoPatchConfigFile.process(ReadAutoPatchConfigFile.java:69)
	at oracle.patch.config.links.ReadAutoPatchConfigFile.process(ReadAutoPatchConfigFile.java:41)
	at oracle.commonx.config.CLILink.nextLink(CLILink.java:61)
	at oracle.commonx.config.links.PrefixesCalculator.process(PrefixesCalculator.java:96)
	at oracle.commonx.config.CLILink.nextLink(CLILink.java:61)
	at oracle.commonx.config.links.UserConfigGlobalValidator.process(UserConfigGlobalValidator.java:99)
	at oracle.commonx.config.CLILink.nextLink(CLILink.java:61)
	at oracle.patch.config.links.PopulatePrefixesWithoutSource.process(PopulatePrefixesWithoutSource.java:106)
	at oracle.patch.config.links.PopulatePrefixesWithoutSource.process(PopulatePrefixesWithoutSource.java:43)
	at oracle.commonx.config.CLILink.nextLink(CLILink.java:61)
	at oracle.commonx.config.links.LoginFileCreator.process(LoginFileCreator.java:75)
	at oracle.commonx.config.CLILink.nextLink(CLILink.java:61)
	at oracle.commonx.config.links.InternalSettingsParser.process(InternalSettingsParser.java:138)
	at oracle.commonx.config.CLILink.nextLink(CLILink.java:61)
	at oracle.commonx.config.links.VersionMatcher.process(VersionMatcher.java:56)
	at oracle.commonx.config.CLILink.nextLink(CLILink.java:61)
	at oracle.commonx.config.links.ContextFinder.process(ContextFinder.java:210)
	at oracle.commonx.config.CLILink.nextLink(CLILink.java:61)
	at oracle.commonx.config.links.JavaVersionValidation.process(JavaVersionValidation.java:55)
	at oracle.commonx.config.CLILink.nextLink(CLILink.java:61)
	at oracle.commonx.config.links.LoggerMaker.process(LoggerMaker.java:105)
	at oracle.commonx.config.CLILink.nextLink(CLILink.java:61)
	at oracle.commonx.config.links.CommonLocker.process(CommonLocker.java:86)
	at oracle.commonx.config.CLILink.nextLink(CLILink.java:61)
	at oracle.commonx.config.links.ZipMaker.process(ZipMaker.java:61)
	at oracle.commonx.config.CLILink.nextLink(CLILink.java:61)
	at oracle.commonx.config.links.GlobalConstants.process(GlobalConstants.java:244)
	at oracle.commonx.config.CLILink.nextLink(CLILink.java:61)
	at oracle.commonx.config.links.PreCreateConfigValues.process(PreCreateConfigValues.java:87)
	at oracle.commonx.config.CLILink.nextLink(CLILink.java:61)
	at oracle.patch.config.links.links.NoConfigSupport.process(NoConfigSupport.java:74)
	at oracle.patch.config.links.links.NoConfigSupport.process(NoConfigSupport.java:54)
	at oracle.commonx.config.CLILink.nextLink(CLILink.java:61)
	at oracle.patch.config.links.PatchOptionsParser.process(PatchOptionsParser.java:64)
	at oracle.patch.config.links.PatchOptionsParser.process(PatchOptionsParser.java:54)
	at oracle.commonx.config.Bootstrap.processCLIParams(Bootstrap.java:78)
	at oracle.commons.boot.CommonMain.<init>(CommonMain.java:98)
	at oracle.patch.boot.AutoPatchMain.<init>(AutoPatchMain.java:93)
	at oracle.patch.boot.AutoPatchMain.newInstance(AutoPatchMain.java:129)
	at oracle.patch.boot.PatchBoot.lambda$main$0(PatchBoot.java:45)
	at oracle.commons.boot.CommonBoot.startUtility(CommonBoot.java:61)
	at oracle.patch.boot.PatchBoot.main(PatchBoot.java:45)
	at oracle.boot.JointBoot.main(JointBoot.java:58)
Caused by: oracle.commons.utils.errors.ARU100: CommonException [Connection Failed - You entered an incorrect user name or password.]
	at oracle.commons.aru.BearerToken.newInstance(BearerToken.java:63)
	at oracle.commons.aru.AruUtils.generateToken(AruUtils.java:116)
	... 88 more

2024-11-01 10:49:08.086 INFO Finished - DownloadFiles.isValidSetup#122 
2024-11-01 10:51:18.231 INFO Starting - DownloadFiles.isValidSetup#97 
2024-11-01 10:51:18.232 INFO Starting - DownloadFiles.download#131 
2024-11-01 10:51:18.232 INFO Connecting to MOS Services - AruUtils.generateToken#113 
2024-11-01 10:51:18.252 INFO Using java to access [https://login-ext.identity.oraclecloud.com/oauth2/v1/token] - JavaHttpClient.request#78 
2024-11-01 10:51:18.252 INFO [null] [null] - JavaHttpClient.getProxy#219 
2024-11-01 10:51:18.252 INFO [Optional.empty] - JavaHttpClient.request_#129 
2024-11-01 10:51:19.239 WARNING Java http client failed with the following output [400] :
{"error":"invalid_grant","error_description":"You entered an incorrect user name or password.","ecid":"oeNmE0qnU10000000"} - JavaHttpClient.request_#174 
2024-11-01 10:51:19.250 WARNING MOS connection failed - AruUtils.generateToken#119 
oracle.commons.utils.errors.ARU100: CommonException [Connection Failed - You entered an incorrect user name or password.]
	at oracle.commons.aru.BearerToken.newInstance(BearerToken.java:63)
	at oracle.commons.aru.AruUtils.generateToken(AruUtils.java:116)
	at oracle.commons.aru.AruUtils.canConnectToAru(AruUtils.java:170)
	at oracle.patch.jvalid.DownloadFiles.download(DownloadFiles.java:134)
	at oracle.patch.jvalid.DownloadFiles.isValidSetup(DownloadFiles.java:110)
	at oracle.patch.jvalid.DownloadFiles.isValidSetup(DownloadFiles.java:75)
	at oracle.commonx.config.links.JobRulesValidator.process(JobRulesValidator.java:94)
	at oracle.patch.config.links.DownloadAndLocate.process(DownloadAndLocate.java:49)
	at oracle.patch.config.links.DownloadAndLocate.process(DownloadAndLocate.java:39)
	at oracle.commonx.config.CLILink.nextLink(CLILink.java:61)
	at oracle.commonx.config.links.JobRulesValidator.process(JobRulesValidator.java:116)
	at oracle.commonx.config.CLILink.nextLink(CLILink.java:61)
	at oracle.commonx.config.links.LoadPassword.process(LoadPassword.java:77)
	at oracle.commonx.config.CLILink.nextLink(CLILink.java:61)
	at oracle.commonx.config.links.LoadKeyStore.process(LoadKeyStore.java:65)
	at oracle.commonx.config.CLILink.nextLink(CLILink.java:61)
	at oracle.commonx.config.links.SettingsMaker.process(SettingsMaker.java:117)
	at oracle.commonx.config.CLILink.nextLink(CLILink.java:61)
	at oracle.commonx.config.links.UserConfigCrafter.process(UserConfigCrafter.java:58)
	at oracle.commonx.config.CLILink.nextLink(CLILink.java:61)
	at oracle.patch.config.links.links.ConfigDBValidations.process(ConfigDBValidations.java:51)
	at oracle.patch.config.links.links.ConfigDBValidations.process(ConfigDBValidations.java:35)
	at oracle.commonx.config.CLILink.nextLink(CLILink.java:61)
	at oracle.patch.config.links.DeriveConfigValues.process(DeriveConfigValues.java:115)
	at oracle.patch.config.links.DeriveConfigValues.process(DeriveConfigValues.java:70)
	at oracle.commonx.config.CLILink.nextLink(CLILink.java:61)
	at oracle.patch.config.links.ProcessConfigQueries.process(ProcessConfigQueries.java:92)
	at oracle.patch.config.links.ProcessConfigQueries.process(ProcessConfigQueries.java:55)
	at oracle.commonx.config.CLILink.nextLink(CLILink.java:61)
	at oracle.patch.config.links.ExecuteConfigQueries.process(ExecuteConfigQueries.java:116)
	at oracle.patch.config.links.ExecuteConfigQueries.process(ExecuteConfigQueries.java:53)
	at oracle.commonx.config.CLILink.nextLink(CLILink.java:61)
	at oracle.commonx.config.links.LoadPassword.process(LoadPassword.java:77)
	at oracle.commonx.config.CLILink.nextLink(CLILink.java:61)
	at oracle.commonx.config.links.LoadKeyStore.process(LoadKeyStore.java:80)
	at oracle.commonx.config.CLILink.nextLink(CLILink.java:61)
	at oracle.patch.config.links.SetExecutionEnvs.process(SetExecutionEnvs.java:67)
	at oracle.patch.config.links.SetExecutionEnvs.process(SetExecutionEnvs.java:37)
	at oracle.commonx.config.CLILink.nextLink(CLILink.java:61)
	at oracle.patch.config.links.DeriveConfigValues.process(DeriveConfigValues.java:115)
	at oracle.patch.config.links.DeriveConfigValues.process(DeriveConfigValues.java:70)
	at oracle.commonx.config.CLILink.nextLink(CLILink.java:61)
	at oracle.commonx.config.links.GlobalParametersValidator.process(GlobalParametersValidator.java:60)
	at oracle.commonx.config.CLILink.nextLink(CLILink.java:61)
	at oracle.patch.config.links.ValidateConfigParameters.process(ValidateConfigParameters.java:107)
	at oracle.patch.config.links.ValidateConfigParameters.process(ValidateConfigParameters.java:54)
	at oracle.commonx.config.CLILink.nextLink(CLILink.java:61)
	at oracle.patch.config.links.ReadAutoPatchConfigFile.process(ReadAutoPatchConfigFile.java:69)
	at oracle.patch.config.links.ReadAutoPatchConfigFile.process(ReadAutoPatchConfigFile.java:41)
	at oracle.commonx.config.CLILink.nextLink(CLILink.java:61)
	at oracle.commonx.config.links.PrefixesCalculator.process(PrefixesCalculator.java:96)
	at oracle.commonx.config.CLILink.nextLink(CLILink.java:61)
	at oracle.commonx.config.links.UserConfigGlobalValidator.process(UserConfigGlobalValidator.java:99)
	at oracle.commonx.config.CLILink.nextLink(CLILink.java:61)
	at oracle.patch.config.links.PopulatePrefixesWithoutSource.process(PopulatePrefixesWithoutSource.java:106)
	at oracle.patch.config.links.PopulatePrefixesWithoutSource.process(PopulatePrefixesWithoutSource.java:43)
	at oracle.commonx.config.CLILink.nextLink(CLILink.java:61)
	at oracle.commonx.config.links.LoginFileCreator.process(LoginFileCreator.java:75)
	at oracle.commonx.config.CLILink.nextLink(CLILink.java:61)
	at oracle.commonx.config.links.InternalSettingsParser.process(InternalSettingsParser.java:138)
	at oracle.commonx.config.CLILink.nextLink(CLILink.java:61)
	at oracle.commonx.config.links.VersionMatcher.process(VersionMatcher.java:56)
	at oracle.commonx.config.CLILink.nextLink(CLILink.java:61)
	at oracle.commonx.config.links.ContextFinder.process(ContextFinder.java:210)
	at oracle.commonx.config.CLILink.nextLink(CLILink.java:61)
	at oracle.commonx.config.links.JavaVersionValidation.process(JavaVersionValidation.java:55)
	at oracle.commonx.config.CLILink.nextLink(CLILink.java:61)
	at oracle.commonx.config.links.LoggerMaker.process(LoggerMaker.java:105)
	at oracle.commonx.config.CLILink.nextLink(CLILink.java:61)
	at oracle.commonx.config.links.CommonLocker.process(CommonLocker.java:86)
	at oracle.commonx.config.CLILink.nextLink(CLILink.java:61)
	at oracle.commonx.config.links.ZipMaker.process(ZipMaker.java:61)
	at oracle.commonx.config.CLILink.nextLink(CLILink.java:61)
	at oracle.commonx.config.links.GlobalConstants.process(GlobalConstants.java:244)
	at oracle.commonx.config.CLILink.nextLink(CLILink.java:61)
	at oracle.commonx.config.links.PreCreateConfigValues.process(PreCreateConfigValues.java:87)
	at oracle.commonx.config.CLILink.nextLink(CLILink.java:61)
	at oracle.patch.config.links.links.NoConfigSupport.process(NoConfigSupport.java:74)
	at oracle.patch.config.links.links.NoConfigSupport.process(NoConfigSupport.java:54)
	at oracle.commonx.config.CLILink.nextLink(CLILink.java:61)
	at oracle.patch.config.links.PatchOptionsParser.process(PatchOptionsParser.java:64)
	at oracle.patch.config.links.PatchOptionsParser.process(PatchOptionsParser.java:54)
	at oracle.commonx.config.Bootstrap.processCLIParams(Bootstrap.java:78)
	at oracle.commons.boot.CommonMain.<init>(CommonMain.java:98)
	at oracle.patch.boot.AutoPatchMain.<init>(AutoPatchMain.java:93)
	at oracle.patch.boot.AutoPatchMain.newInstance(AutoPatchMain.java:129)
	at oracle.patch.boot.PatchBoot.lambda$main$0(PatchBoot.java:45)
	at oracle.commons.boot.CommonBoot.startUtility(CommonBoot.java:61)
	at oracle.patch.boot.PatchBoot.main(PatchBoot.java:45)
	at oracle.boot.JointBoot.main(JointBoot.java:58)

2024-11-01 10:51:19.252 WARNING Patch query failed
*Connection Failed - You entered an incorrect user name or password.* - DownloadFiles.isValidSetup#114 
oracle.commons.utils.errors.ARU103: CommonException [Failed to connect to ARU - CommonException [Connection Failed - You entered an incorrect user name or password.]]
	at oracle.commons.aru.AruUtils.generateToken(AruUtils.java:120)
	at oracle.commons.aru.AruUtils.canConnectToAru(AruUtils.java:170)
	at oracle.patch.jvalid.DownloadFiles.download(DownloadFiles.java:134)
	at oracle.patch.jvalid.DownloadFiles.isValidSetup(DownloadFiles.java:110)
	at oracle.patch.jvalid.DownloadFiles.isValidSetup(DownloadFiles.java:75)
	at oracle.commonx.config.links.JobRulesValidator.process(JobRulesValidator.java:94)
	at oracle.patch.config.links.DownloadAndLocate.process(DownloadAndLocate.java:49)
	at oracle.patch.config.links.DownloadAndLocate.process(DownloadAndLocate.java:39)
	at oracle.commonx.config.CLILink.nextLink(CLILink.java:61)
	at oracle.commonx.config.links.JobRulesValidator.process(JobRulesValidator.java:116)
	at oracle.commonx.config.CLILink.nextLink(CLILink.java:61)
	at oracle.commonx.config.links.LoadPassword.process(LoadPassword.java:77)
	at oracle.commonx.config.CLILink.nextLink(CLILink.java:61)
	at oracle.commonx.config.links.LoadKeyStore.process(LoadKeyStore.java:65)
	at oracle.commonx.config.CLILink.nextLink(CLILink.java:61)
	at oracle.commonx.config.links.SettingsMaker.process(SettingsMaker.java:117)
	at oracle.commonx.config.CLILink.nextLink(CLILink.java:61)
	at oracle.commonx.config.links.UserConfigCrafter.process(UserConfigCrafter.java:58)
	at oracle.commonx.config.CLILink.nextLink(CLILink.java:61)
	at oracle.patch.config.links.links.ConfigDBValidations.process(ConfigDBValidations.java:51)
	at oracle.patch.config.links.links.ConfigDBValidations.process(ConfigDBValidations.java:35)
	at oracle.commonx.config.CLILink.nextLink(CLILink.java:61)
	at oracle.patch.config.links.DeriveConfigValues.process(DeriveConfigValues.java:115)
	at oracle.patch.config.links.DeriveConfigValues.process(DeriveConfigValues.java:70)
	at oracle.commonx.config.CLILink.nextLink(CLILink.java:61)
	at oracle.patch.config.links.ProcessConfigQueries.process(ProcessConfigQueries.java:92)
	at oracle.patch.config.links.ProcessConfigQueries.process(ProcessConfigQueries.java:55)
	at oracle.commonx.config.CLILink.nextLink(CLILink.java:61)
	at oracle.patch.config.links.ExecuteConfigQueries.process(ExecuteConfigQueries.java:116)
	at oracle.patch.config.links.ExecuteConfigQueries.process(ExecuteConfigQueries.java:53)
	at oracle.commonx.config.CLILink.nextLink(CLILink.java:61)
	at oracle.commonx.config.links.LoadPassword.process(LoadPassword.java:77)
	at oracle.commonx.config.CLILink.nextLink(CLILink.java:61)
	at oracle.commonx.config.links.LoadKeyStore.process(LoadKeyStore.java:80)
	at oracle.commonx.config.CLILink.nextLink(CLILink.java:61)
	at oracle.patch.config.links.SetExecutionEnvs.process(SetExecutionEnvs.java:67)
	at oracle.patch.config.links.SetExecutionEnvs.process(SetExecutionEnvs.java:37)
	at oracle.commonx.config.CLILink.nextLink(CLILink.java:61)
	at oracle.patch.config.links.DeriveConfigValues.process(DeriveConfigValues.java:115)
	at oracle.patch.config.links.DeriveConfigValues.process(DeriveConfigValues.java:70)
	at oracle.commonx.config.CLILink.nextLink(CLILink.java:61)
	at oracle.commonx.config.links.GlobalParametersValidator.process(GlobalParametersValidator.java:60)
	at oracle.commonx.config.CLILink.nextLink(CLILink.java:61)
	at oracle.patch.config.links.ValidateConfigParameters.process(ValidateConfigParameters.java:107)
	at oracle.patch.config.links.ValidateConfigParameters.process(ValidateConfigParameters.java:54)
	at oracle.commonx.config.CLILink.nextLink(CLILink.java:61)
	at oracle.patch.config.links.ReadAutoPatchConfigFile.process(ReadAutoPatchConfigFile.java:69)
	at oracle.patch.config.links.ReadAutoPatchConfigFile.process(ReadAutoPatchConfigFile.java:41)
	at oracle.commonx.config.CLILink.nextLink(CLILink.java:61)
	at oracle.commonx.config.links.PrefixesCalculator.process(PrefixesCalculator.java:96)
	at oracle.commonx.config.CLILink.nextLink(CLILink.java:61)
	at oracle.commonx.config.links.UserConfigGlobalValidator.process(UserConfigGlobalValidator.java:99)
	at oracle.commonx.config.CLILink.nextLink(CLILink.java:61)
	at oracle.patch.config.links.PopulatePrefixesWithoutSource.process(PopulatePrefixesWithoutSource.java:106)
	at oracle.patch.config.links.PopulatePrefixesWithoutSource.process(PopulatePrefixesWithoutSource.java:43)
	at oracle.commonx.config.CLILink.nextLink(CLILink.java:61)
	at oracle.commonx.config.links.LoginFileCreator.process(LoginFileCreator.java:75)
	at oracle.commonx.config.CLILink.nextLink(CLILink.java:61)
	at oracle.commonx.config.links.InternalSettingsParser.process(InternalSettingsParser.java:138)
	at oracle.commonx.config.CLILink.nextLink(CLILink.java:61)
	at oracle.commonx.config.links.VersionMatcher.process(VersionMatcher.java:56)
	at oracle.commonx.config.CLILink.nextLink(CLILink.java:61)
	at oracle.commonx.config.links.ContextFinder.process(ContextFinder.java:210)
	at oracle.commonx.config.CLILink.nextLink(CLILink.java:61)
	at oracle.commonx.config.links.JavaVersionValidation.process(JavaVersionValidation.java:55)
	at oracle.commonx.config.CLILink.nextLink(CLILink.java:61)
	at oracle.commonx.config.links.LoggerMaker.process(LoggerMaker.java:105)
	at oracle.commonx.config.CLILink.nextLink(CLILink.java:61)
	at oracle.commonx.config.links.CommonLocker.process(CommonLocker.java:86)
	at oracle.commonx.config.CLILink.nextLink(CLILink.java:61)
	at oracle.commonx.config.links.ZipMaker.process(ZipMaker.java:61)
	at oracle.commonx.config.CLILink.nextLink(CLILink.java:61)
	at oracle.commonx.config.links.GlobalConstants.process(GlobalConstants.java:244)
	at oracle.commonx.config.CLILink.nextLink(CLILink.java:61)
	at oracle.commonx.config.links.PreCreateConfigValues.process(PreCreateConfigValues.java:87)
	at oracle.commonx.config.CLILink.nextLink(CLILink.java:61)
	at oracle.patch.config.links.links.NoConfigSupport.process(NoConfigSupport.java:74)
	at oracle.patch.config.links.links.NoConfigSupport.process(NoConfigSupport.java:54)
	at oracle.commonx.config.CLILink.nextLink(CLILink.java:61)
	at oracle.patch.config.links.PatchOptionsParser.process(PatchOptionsParser.java:64)
	at oracle.patch.config.links.PatchOptionsParser.process(PatchOptionsParser.java:54)
	at oracle.commonx.config.Bootstrap.processCLIParams(Bootstrap.java:78)
	at oracle.commons.boot.CommonMain.<init>(CommonMain.java:98)
	at oracle.patch.boot.AutoPatchMain.<init>(AutoPatchMain.java:93)
	at oracle.patch.boot.AutoPatchMain.newInstance(AutoPatchMain.java:129)
	at oracle.patch.boot.PatchBoot.lambda$main$0(PatchBoot.java:45)
	at oracle.commons.boot.CommonBoot.startUtility(CommonBoot.java:61)
	at oracle.patch.boot.PatchBoot.main(PatchBoot.java:45)
	at oracle.boot.JointBoot.main(JointBoot.java:58)
Caused by: oracle.commons.utils.errors.ARU100: CommonException [Connection Failed - You entered an incorrect user name or password.]
	at oracle.commons.aru.BearerToken.newInstance(BearerToken.java:63)
	at oracle.commons.aru.AruUtils.generateToken(AruUtils.java:116)
	... 88 more

2024-11-01 10:51:19.252 INFO Finished - DownloadFiles.isValidSetup#122 
2024-11-01 10:57:53.541 INFO Starting - DownloadFiles.isValidSetup#97 
2024-11-01 10:57:53.541 INFO Starting - DownloadFiles.download#131 
2024-11-01 10:57:53.542 INFO Connecting to MOS Services - AruUtils.generateToken#113 
2024-11-01 10:57:53.557 INFO Using java to access [https://login-ext.identity.oraclecloud.com/oauth2/v1/token] - JavaHttpClient.request#78 
2024-11-01 10:57:53.558 INFO [null] [null] - JavaHttpClient.getProxy#219 
2024-11-01 10:57:53.558 INFO [Optional.empty] - JavaHttpClient.request_#129 
2024-11-01 10:57:54.147 WARNING Java http client failed with the following output [400] :
{"error":"invalid_grant","error_description":"You entered an incorrect user name or password.","ecid":"Cs4Ca06DZ10000000"} - JavaHttpClient.request_#174 
2024-11-01 10:57:54.160 WARNING MOS connection failed - AruUtils.generateToken#119 
oracle.commons.utils.errors.ARU100: CommonException [Connection Failed - You entered an incorrect user name or password.]
	at oracle.commons.aru.BearerToken.newInstance(BearerToken.java:63)
	at oracle.commons.aru.AruUtils.generateToken(AruUtils.java:116)
	at oracle.commons.aru.AruUtils.canConnectToAru(AruUtils.java:170)
	at oracle.patch.jvalid.DownloadFiles.download(DownloadFiles.java:134)
	at oracle.patch.jvalid.DownloadFiles.isValidSetup(DownloadFiles.java:110)
	at oracle.patch.jvalid.DownloadFiles.isValidSetup(DownloadFiles.java:75)
	at oracle.commonx.config.links.JobRulesValidator.process(JobRulesValidator.java:94)
	at oracle.patch.config.links.DownloadAndLocate.process(DownloadAndLocate.java:49)
	at oracle.patch.config.links.DownloadAndLocate.process(DownloadAndLocate.java:39)
	at oracle.commonx.config.CLILink.nextLink(CLILink.java:61)
	at oracle.commonx.config.links.JobRulesValidator.process(JobRulesValidator.java:116)
	at oracle.commonx.config.CLILink.nextLink(CLILink.java:61)
	at oracle.commonx.config.links.LoadPassword.process(LoadPassword.java:77)
	at oracle.commonx.config.CLILink.nextLink(CLILink.java:61)
	at oracle.commonx.config.links.LoadKeyStore.process(LoadKeyStore.java:65)
	at oracle.commonx.config.CLILink.nextLink(CLILink.java:61)
	at oracle.commonx.config.links.SettingsMaker.process(SettingsMaker.java:117)
	at oracle.commonx.config.CLILink.nextLink(CLILink.java:61)
	at oracle.commonx.config.links.UserConfigCrafter.process(UserConfigCrafter.java:58)
	at oracle.commonx.config.CLILink.nextLink(CLILink.java:61)
	at oracle.patch.config.links.links.ConfigDBValidations.process(ConfigDBValidations.java:51)
	at oracle.patch.config.links.links.ConfigDBValidations.process(ConfigDBValidations.java:35)
	at oracle.commonx.config.CLILink.nextLink(CLILink.java:61)
	at oracle.patch.config.links.DeriveConfigValues.process(DeriveConfigValues.java:115)
	at oracle.patch.config.links.DeriveConfigValues.process(DeriveConfigValues.java:70)
	at oracle.commonx.config.CLILink.nextLink(CLILink.java:61)
	at oracle.patch.config.links.ProcessConfigQueries.process(ProcessConfigQueries.java:92)
	at oracle.patch.config.links.ProcessConfigQueries.process(ProcessConfigQueries.java:55)
	at oracle.commonx.config.CLILink.nextLink(CLILink.java:61)
	at oracle.patch.config.links.ExecuteConfigQueries.process(ExecuteConfigQueries.java:116)
	at oracle.patch.config.links.ExecuteConfigQueries.process(ExecuteConfigQueries.java:53)
	at oracle.commonx.config.CLILink.nextLink(CLILink.java:61)
	at oracle.commonx.config.links.LoadPassword.process(LoadPassword.java:77)
	at oracle.commonx.config.CLILink.nextLink(CLILink.java:61)
	at oracle.commonx.config.links.LoadKeyStore.process(LoadKeyStore.java:80)
	at oracle.commonx.config.CLILink.nextLink(CLILink.java:61)
	at oracle.patch.config.links.SetExecutionEnvs.process(SetExecutionEnvs.java:67)
	at oracle.patch.config.links.SetExecutionEnvs.process(SetExecutionEnvs.java:37)
	at oracle.commonx.config.CLILink.nextLink(CLILink.java:61)
	at oracle.patch.config.links.DeriveConfigValues.process(DeriveConfigValues.java:115)
	at oracle.patch.config.links.DeriveConfigValues.process(DeriveConfigValues.java:70)
	at oracle.commonx.config.CLILink.nextLink(CLILink.java:61)
	at oracle.commonx.config.links.GlobalParametersValidator.process(GlobalParametersValidator.java:60)
	at oracle.commonx.config.CLILink.nextLink(CLILink.java:61)
	at oracle.patch.config.links.ValidateConfigParameters.process(ValidateConfigParameters.java:107)
	at oracle.patch.config.links.ValidateConfigParameters.process(ValidateConfigParameters.java:54)
	at oracle.commonx.config.CLILink.nextLink(CLILink.java:61)
	at oracle.patch.config.links.ReadAutoPatchConfigFile.process(ReadAutoPatchConfigFile.java:69)
	at oracle.patch.config.links.ReadAutoPatchConfigFile.process(ReadAutoPatchConfigFile.java:41)
	at oracle.commonx.config.CLILink.nextLink(CLILink.java:61)
	at oracle.commonx.config.links.PrefixesCalculator.process(PrefixesCalculator.java:96)
	at oracle.commonx.config.CLILink.nextLink(CLILink.java:61)
	at oracle.commonx.config.links.UserConfigGlobalValidator.process(UserConfigGlobalValidator.java:99)
	at oracle.commonx.config.CLILink.nextLink(CLILink.java:61)
	at oracle.patch.config.links.PopulatePrefixesWithoutSource.process(PopulatePrefixesWithoutSource.java:106)
	at oracle.patch.config.links.PopulatePrefixesWithoutSource.process(PopulatePrefixesWithoutSource.java:43)
	at oracle.commonx.config.CLILink.nextLink(CLILink.java:61)
	at oracle.commonx.config.links.LoginFileCreator.process(LoginFileCreator.java:75)
	at oracle.commonx.config.CLILink.nextLink(CLILink.java:61)
	at oracle.commonx.config.links.InternalSettingsParser.process(InternalSettingsParser.java:138)
	at oracle.commonx.config.CLILink.nextLink(CLILink.java:61)
	at oracle.commonx.config.links.VersionMatcher.process(VersionMatcher.java:56)
	at oracle.commonx.config.CLILink.nextLink(CLILink.java:61)
	at oracle.commonx.config.links.ContextFinder.process(ContextFinder.java:210)
	at oracle.commonx.config.CLILink.nextLink(CLILink.java:61)
	at oracle.commonx.config.links.JavaVersionValidation.process(JavaVersionValidation.java:55)
	at oracle.commonx.config.CLILink.nextLink(CLILink.java:61)
	at oracle.commonx.config.links.LoggerMaker.process(LoggerMaker.java:105)
	at oracle.commonx.config.CLILink.nextLink(CLILink.java:61)
	at oracle.commonx.config.links.CommonLocker.process(CommonLocker.java:86)
	at oracle.commonx.config.CLILink.nextLink(CLILink.java:61)
	at oracle.commonx.config.links.ZipMaker.process(ZipMaker.java:61)
	at oracle.commonx.config.CLILink.nextLink(CLILink.java:61)
	at oracle.commonx.config.links.GlobalConstants.process(GlobalConstants.java:244)
	at oracle.commonx.config.CLILink.nextLink(CLILink.java:61)
	at oracle.commonx.config.links.PreCreateConfigValues.process(PreCreateConfigValues.java:87)
	at oracle.commonx.config.CLILink.nextLink(CLILink.java:61)
	at oracle.patch.config.links.links.NoConfigSupport.process(NoConfigSupport.java:74)
	at oracle.patch.config.links.links.NoConfigSupport.process(NoConfigSupport.java:54)
	at oracle.commonx.config.CLILink.nextLink(CLILink.java:61)
	at oracle.patch.config.links.PatchOptionsParser.process(PatchOptionsParser.java:64)
	at oracle.patch.config.links.PatchOptionsParser.process(PatchOptionsParser.java:54)
	at oracle.commonx.config.Bootstrap.processCLIParams(Bootstrap.java:78)
	at oracle.commons.boot.CommonMain.<init>(CommonMain.java:98)
	at oracle.patch.boot.AutoPatchMain.<init>(AutoPatchMain.java:93)
	at oracle.patch.boot.AutoPatchMain.newInstance(AutoPatchMain.java:129)
	at oracle.patch.boot.PatchBoot.lambda$main$0(PatchBoot.java:45)
	at oracle.commons.boot.CommonBoot.startUtility(CommonBoot.java:61)
	at oracle.patch.boot.PatchBoot.main(PatchBoot.java:45)
	at oracle.boot.JointBoot.main(JointBoot.java:58)

2024-11-01 10:57:54.161 WARNING Patch query failed
*Connection Failed - You entered an incorrect user name or password.* - DownloadFiles.isValidSetup#114 
oracle.commons.utils.errors.ARU103: CommonException [Failed to connect to ARU - CommonException [Connection Failed - You entered an incorrect user name or password.]]
	at oracle.commons.aru.AruUtils.generateToken(AruUtils.java:120)
	at oracle.commons.aru.AruUtils.canConnectToAru(AruUtils.java:170)
	at oracle.patch.jvalid.DownloadFiles.download(DownloadFiles.java:134)
	at oracle.patch.jvalid.DownloadFiles.isValidSetup(DownloadFiles.java:110)
	at oracle.patch.jvalid.DownloadFiles.isValidSetup(DownloadFiles.java:75)
	at oracle.commonx.config.links.JobRulesValidator.process(JobRulesValidator.java:94)
	at oracle.patch.config.links.DownloadAndLocate.process(DownloadAndLocate.java:49)
	at oracle.patch.config.links.DownloadAndLocate.process(DownloadAndLocate.java:39)
	at oracle.commonx.config.CLILink.nextLink(CLILink.java:61)
	at oracle.commonx.config.links.JobRulesValidator.process(JobRulesValidator.java:116)
	at oracle.commonx.config.CLILink.nextLink(CLILink.java:61)
	at oracle.commonx.config.links.LoadPassword.process(LoadPassword.java:77)
	at oracle.commonx.config.CLILink.nextLink(CLILink.java:61)
	at oracle.commonx.config.links.LoadKeyStore.process(LoadKeyStore.java:65)
	at oracle.commonx.config.CLILink.nextLink(CLILink.java:61)
	at oracle.commonx.config.links.SettingsMaker.process(SettingsMaker.java:117)
	at oracle.commonx.config.CLILink.nextLink(CLILink.java:61)
	at oracle.commonx.config.links.UserConfigCrafter.process(UserConfigCrafter.java:58)
	at oracle.commonx.config.CLILink.nextLink(CLILink.java:61)
	at oracle.patch.config.links.links.ConfigDBValidations.process(ConfigDBValidations.java:51)
	at oracle.patch.config.links.links.ConfigDBValidations.process(ConfigDBValidations.java:35)
	at oracle.commonx.config.CLILink.nextLink(CLILink.java:61)
	at oracle.patch.config.links.DeriveConfigValues.process(DeriveConfigValues.java:115)
	at oracle.patch.config.links.DeriveConfigValues.process(DeriveConfigValues.java:70)
	at oracle.commonx.config.CLILink.nextLink(CLILink.java:61)
	at oracle.patch.config.links.ProcessConfigQueries.process(ProcessConfigQueries.java:92)
	at oracle.patch.config.links.ProcessConfigQueries.process(ProcessConfigQueries.java:55)
	at oracle.commonx.config.CLILink.nextLink(CLILink.java:61)
	at oracle.patch.config.links.ExecuteConfigQueries.process(ExecuteConfigQueries.java:116)
	at oracle.patch.config.links.ExecuteConfigQueries.process(ExecuteConfigQueries.java:53)
	at oracle.commonx.config.CLILink.nextLink(CLILink.java:61)
	at oracle.commonx.config.links.LoadPassword.process(LoadPassword.java:77)
	at oracle.commonx.config.CLILink.nextLink(CLILink.java:61)
	at oracle.commonx.config.links.LoadKeyStore.process(LoadKeyStore.java:80)
	at oracle.commonx.config.CLILink.nextLink(CLILink.java:61)
	at oracle.patch.config.links.SetExecutionEnvs.process(SetExecutionEnvs.java:67)
	at oracle.patch.config.links.SetExecutionEnvs.process(SetExecutionEnvs.java:37)
	at oracle.commonx.config.CLILink.nextLink(CLILink.java:61)
	at oracle.patch.config.links.DeriveConfigValues.process(DeriveConfigValues.java:115)
	at oracle.patch.config.links.DeriveConfigValues.process(DeriveConfigValues.java:70)
	at oracle.commonx.config.CLILink.nextLink(CLILink.java:61)
	at oracle.commonx.config.links.GlobalParametersValidator.process(GlobalParametersValidator.java:60)
	at oracle.commonx.config.CLILink.nextLink(CLILink.java:61)
	at oracle.patch.config.links.ValidateConfigParameters.process(ValidateConfigParameters.java:107)
	at oracle.patch.config.links.ValidateConfigParameters.process(ValidateConfigParameters.java:54)
	at oracle.commonx.config.CLILink.nextLink(CLILink.java:61)
	at oracle.patch.config.links.ReadAutoPatchConfigFile.process(ReadAutoPatchConfigFile.java:69)
	at oracle.patch.config.links.ReadAutoPatchConfigFile.process(ReadAutoPatchConfigFile.java:41)
	at oracle.commonx.config.CLILink.nextLink(CLILink.java:61)
	at oracle.commonx.config.links.PrefixesCalculator.process(PrefixesCalculator.java:96)
	at oracle.commonx.config.CLILink.nextLink(CLILink.java:61)
	at oracle.commonx.config.links.UserConfigGlobalValidator.process(UserConfigGlobalValidator.java:99)
	at oracle.commonx.config.CLILink.nextLink(CLILink.java:61)
	at oracle.patch.config.links.PopulatePrefixesWithoutSource.process(PopulatePrefixesWithoutSource.java:106)
	at oracle.patch.config.links.PopulatePrefixesWithoutSource.process(PopulatePrefixesWithoutSource.java:43)
	at oracle.commonx.config.CLILink.nextLink(CLILink.java:61)
	at oracle.commonx.config.links.LoginFileCreator.process(LoginFileCreator.java:75)
	at oracle.commonx.config.CLILink.nextLink(CLILink.java:61)
	at oracle.commonx.config.links.InternalSettingsParser.process(InternalSettingsParser.java:138)
	at oracle.commonx.config.CLILink.nextLink(CLILink.java:61)
	at oracle.commonx.config.links.VersionMatcher.process(VersionMatcher.java:56)
	at oracle.commonx.config.CLILink.nextLink(CLILink.java:61)
	at oracle.commonx.config.links.ContextFinder.process(ContextFinder.java:210)
	at oracle.commonx.config.CLILink.nextLink(CLILink.java:61)
	at oracle.commonx.config.links.JavaVersionValidation.process(JavaVersionValidation.java:55)
	at oracle.commonx.config.CLILink.nextLink(CLILink.java:61)
	at oracle.commonx.config.links.LoggerMaker.process(LoggerMaker.java:105)
	at oracle.commonx.config.CLILink.nextLink(CLILink.java:61)
	at oracle.commonx.config.links.CommonLocker.process(CommonLocker.java:86)
	at oracle.commonx.config.CLILink.nextLink(CLILink.java:61)
	at oracle.commonx.config.links.ZipMaker.process(ZipMaker.java:61)
	at oracle.commonx.config.CLILink.nextLink(CLILink.java:61)
	at oracle.commonx.config.links.GlobalConstants.process(GlobalConstants.java:244)
	at oracle.commonx.config.CLILink.nextLink(CLILink.java:61)
	at oracle.commonx.config.links.PreCreateConfigValues.process(PreCreateConfigValues.java:87)
	at oracle.commonx.config.CLILink.nextLink(CLILink.java:61)
	at oracle.patch.config.links.links.NoConfigSupport.process(NoConfigSupport.java:74)
	at oracle.patch.config.links.links.NoConfigSupport.process(NoConfigSupport.java:54)
	at oracle.commonx.config.CLILink.nextLink(CLILink.java:61)
	at oracle.patch.config.links.PatchOptionsParser.process(PatchOptionsParser.java:64)
	at oracle.patch.config.links.PatchOptionsParser.process(PatchOptionsParser.java:54)
	at oracle.commonx.config.Bootstrap.processCLIParams(Bootstrap.java:78)
	at oracle.commons.boot.CommonMain.<init>(CommonMain.java:98)
	at oracle.patch.boot.AutoPatchMain.<init>(AutoPatchMain.java:93)
	at oracle.patch.boot.AutoPatchMain.newInstance(AutoPatchMain.java:129)
	at oracle.patch.boot.PatchBoot.lambda$main$0(PatchBoot.java:45)
	at oracle.commons.boot.CommonBoot.startUtility(CommonBoot.java:61)
	at oracle.patch.boot.PatchBoot.main(PatchBoot.java:45)
	at oracle.boot.JointBoot.main(JointBoot.java:58)
Caused by: oracle.commons.utils.errors.ARU100: CommonException [Connection Failed - You entered an incorrect user name or password.]
	at oracle.commons.aru.BearerToken.newInstance(BearerToken.java:63)
	at oracle.commons.aru.AruUtils.generateToken(AruUtils.java:116)
	... 88 more

2024-11-01 10:57:54.162 INFO Finished - DownloadFiles.isValidSetup#122 
